#
# A fatal error has been detected by the Java Runtime Environment:
#
#  SIGBUS (0x7) at pc=0x00007fa73580b023, pid=130, tid=135
#
# JRE version: OpenJDK Runtime Environment (14.0.2+12) (build 14.0.2+12-46)
# Java VM: OpenJDK 64-Bit Server VM (14.0.2+12-46, mixed mode, sharing, tiered, compressed oops, g1 gc, linux-amd64)
# Problematic frame:
# V  [libjvm.so+0x512023]  PerfClassTraceTime::~PerfClassTraceTime()+0x83
#
# No core dump will be written. Core dumps have been disabled. To enable core dumping, try "ulimit -c unlimited" before starting Java again
#
# If you would like to submit a bug report, please visit:
#   https://bugreport.java.com/bugreport/crash.jsp
#

---------------  S U M M A R Y ------------

Command Line: -Xms256m -Xmx1550m org.apache.maven.surefire.booter.ForkedBooter /tmp/languagetool-core/target/surefire 2020-08-30T09-40-13_091-jvmRun1 surefire15295888174992937194tmp surefire_04367976725209015638tmp

Host: Intel(R) Core(TM) i7-4770HQ CPU @ 2.20GHz, 4 cores, 1G, Oracle Linux Server release 8.2
Time: Sun Aug 30 09:40:15 2020 UTC elapsed time: 0 seconds (0d 0h 0m 0s)

---------------  T H R E A D  ---------------

Current thread (0x00007fa73002a800):  JavaThread "main" [_thread_in_vm, id=135, stack(0x00007fa736f72000,0x00007fa737073000)]

Stack: [0x00007fa736f72000,0x00007fa737073000],  sp=0x00007fa737070e10,  free space=1019k
Native frames: (J=compiled Java code, A=aot compiled Java code, j=interpreted, Vv=VM code, C=native code)
V  [libjvm.so+0x512023]  PerfClassTraceTime::~PerfClassTraceTime()+0x83
V  [libjvm.so+0xd1a95d]  Verifier::verify(InstanceKlass*, bool, Thread*)+0x60d
V  [libjvm.so+0x76e363]  InstanceKlass::link_class_impl(Thread*)+0x423
V  [libjvm.so+0x76fd0b]  InstanceKlass::initialize_impl(Thread*)+0x14b
V  [libjvm.so+0x9a07a7]  LinkResolver::resolve_static_call(CallInfo&, LinkInfo const&, bool, Thread*)+0x87
V  [libjvm.so+0x9a3813]  LinkResolver::resolve_invoke(CallInfo&, Handle, constantPoolHandle const&, int, Bytecodes::Code, Thread*)+0x2e3
V  [libjvm.so+0x789a6e]  InterpreterRuntime::resolve_invoke(JavaThread*, Bytecodes::Code)+0x2ce
V  [libjvm.so+0x789f85]  InterpreterRuntime::resolve_from_cache(JavaThread*, Bytecodes::Code)+0x105
j  org.apache.maven.surefire.booter.ForkingRunListener.createHeader(BI)[B+51
j  org.apache.maven.surefire.booter.ForkingRunListener.<init>(Ljava/io/PrintStream;IZ)V+23
j  org.apache.maven.surefire.booter.ForkingReporterFactory.createReporter()Lorg/apache/maven/surefire/report/RunListener;+19
j  org.apache.maven.surefire.junit4.JUnit4Provider.invoke(Ljava/lang/Object;)Lorg/apache/maven/surefire/suite/RunResult;+15
j  org.apache.maven.surefire.booter.ForkedBooter.invokeProviderInSameClassLoader(Lorg/apache/maven/surefire/booter/ForkingReporterFactory;)Lorg/apache/maven/surefire/suite/RunResult;+9
j  org.apache.maven.surefire.booter.ForkedBooter.runSuitesInProcess()Lorg/apache/maven/surefire/suite/RunResult;+7
j  org.apache.maven.surefire.booter.ForkedBooter.execute()V+1
j  org.apache.maven.surefire.booter.ForkedBooter.main([Ljava/lang/String;)V+35
v  ~StubRoutines::call_stub
V  [libjvm.so+0x78e42b]  JavaCalls::call_helper(JavaValue*, methodHandle const&, JavaCallArguments*, Thread*)+0x2fb
V  [libjvm.so+0x80d2e3]  jni_invoke_static(JNIEnv_*, JavaValue*, _jobject*, JNICallType, _jmethodID*, JNI_ArgumentPusher*, Thread*) [clone .isra.125] [clone .constprop.264]+0x193
V  [libjvm.so+0x80f338]  jni_CallStaticVoidMethod+0x108
C  [libjli.so+0x4647]  JavaMain+0xcd7
C  [libjli.so+0x85a9]  ThreadJavaMain+0x9

Java frames: (J=compiled Java code, j=interpreted, Vv=VM code)
j  org.apache.maven.surefire.booter.ForkingRunListener.createHeader(BI)[B+51
j  org.apache.maven.surefire.booter.ForkingRunListener.<init>(Ljava/io/PrintStream;IZ)V+23
j  org.apache.maven.surefire.booter.ForkingReporterFactory.createReporter()Lorg/apache/maven/surefire/report/RunListener;+19
j  org.apache.maven.surefire.junit4.JUnit4Provider.invoke(Ljava/lang/Object;)Lorg/apache/maven/surefire/suite/RunResult;+15
j  org.apache.maven.surefire.booter.ForkedBooter.invokeProviderInSameClassLoader(Lorg/apache/maven/surefire/booter/ForkingReporterFactory;)Lorg/apache/maven/surefire/suite/RunResult;+9
j  org.apache.maven.surefire.booter.ForkedBooter.runSuitesInProcess()Lorg/apache/maven/surefire/suite/RunResult;+7
j  org.apache.maven.surefire.booter.ForkedBooter.execute()V+1
j  org.apache.maven.surefire.booter.ForkedBooter.main([Ljava/lang/String;)V+35
v  ~StubRoutines::call_stub

siginfo: si_signo: 7 (SIGBUS), si_code: 2 (BUS_ADRERR), si_addr: 0x00007fa736f4c760

Register to memory mapping:

RAX=0x00007fa736f4c760 points into unknown readable memory: 4c 4b 7a 02 00 00 00 00
RBX=0x00007fa737070ed0 is pointing into the stack for thread: 0x00007fa73002a800
RCX=0x00007ffcf87ddb14: clock_gettime+0x0000000000000114 in linux-vdso.so.1 at 0x00007ffcf87dd000
RDX=0x00000000000756e8 is an unknown value
RSP=0x00007fa737070e10 is pointing into the stack for thread: 0x00007fa73002a800
RBP=0x00007fa737070e20 is pointing into the stack for thread: 0x00007fa73002a800
RSI=0x00007fa737070dd0 is pointing into the stack for thread: 0x00007fa73002a800
RDI=0x0000000000000001 is an unknown value
R8 ={method} {0x00007fa7145cb090} 'escapeToPrintable' '(Ljava/lang/StringBuilder;Ljava/lang/CharSequence;)V' in 'org/apache/maven/surefire/util/internal/StringUtils'
R9 =0x0000000000000003 is an unknown value
R10=0x005f3bb87c000000 is an unknown value
R11=0x0000000000000246 is an unknown value
R12=0x00000000000236cc is an unknown value
R13=0x00007fa73002a800 is a thread
R14=0x0000000000000001 is an unknown value
R15=0x0000000000000002 is an unknown value


Registers:
RAX=0x00007fa736f4c760, RBX=0x00007fa737070ed0, RCX=0x00007ffcf87ddb14, RDX=0x00000000000756e8
RSP=0x00007fa737070e10, RBP=0x00007fa737070e20, RSI=0x00007fa737070dd0, RDI=0x0000000000000001
R8 =0x00007fa7145cb090, R9 =0x0000000000000003, R10=0x005f3bb87c000000, R11=0x0000000000000246
R12=0x00000000000236cc, R13=0x00007fa73002a800, R14=0x0000000000000001, R15=0x0000000000000002
RIP=0x00007fa73580b023, EFLAGS=0x0000000000010202, CSGSFS=0x002b000000000033, ERR=0x0000000000000006
  TRAPNO=0x000000000000000e

Top of Stack: (sp=0x00007fa737070e10)
0x00007fa737070e10:   00007fa730028ff0 0000000800b8d6f8
0x00007fa737070e20:   00007fa7370710f0 00007fa73601395d
0x00007fa737070e30:   00007fa737071030 00007fa737070f80
0x00007fa737070e40:   0000000000000000 0000000000000433 

Instructions: (pc=0x00007fa73580b023)
0x00007fa73580af23:   ff ff ff eb b8 0f 1f 84 00 00 00 00 00 c7 43 44
0x00007fa73580af33:   02 00 00 00 e8 d4 d7 7c 00 48 8b 43 38 80 78 58
0x00007fa73580af43:   00 48 8d 78 48 0f 84 0e ff ff ff eb b8 c7 43 44
0x00007fa73580af53:   01 00 00 00 e8 b4 d7 7c 00 48 8b 43 38 80 78 40
0x00007fa73580af63:   00 48 8d 78 30 0f 84 e0 fe ff ff eb c0 c7 47 44
0x00007fa73580af73:   00 00 00 00 48 89 c7 e8 91 d7 7c 00 48 8b 43 38
0x00007fa73580af83:   80 78 28 00 48 8d 78 18 0f 84 af fe ff ff eb bd
0x00007fa73580af93:   0f 1f 44 00 00 c3 90 66 0f 1f 44 00 00 48 8d 05
0x00007fa73580afa3:   11 79 ba 00 80 38 00 75 04 c3 0f 1f 00 55 48 89
0x00007fa73580afb3:   e5 41 54 53 48 63 47 40 48 89 fb 48 8d 14 40 48
0x00007fa73580afc3:   8b 47 38 48 8d 3c d0 e8 41 d7 7c 00 48 63 43 40
0x00007fa73580afd3:   48 8b 53 38 48 8d 04 40 4c 8b 24 c2 48 63 43 44
0x00007fa73580afe3:   85 c0 78 0d 48 8d 04 40 48 8d 3c c2 e8 ec d6 7c
0x00007fa73580aff3:   00 48 8b 43 30 48 85 c0 74 13 48 63 53 40 48 8d
0x00007fa73580b003:   14 90 8b 02 83 e8 01 89 02 85 c0 7f 4b 48 89 df
0x00007fa73580b013:   e8 f8 d6 7c 00 48 8b 43 18 48 8b 13 48 8b 40 28
0x00007fa73580b023:   48 01 10 48 8b 43 20 48 85 c0 74 07 48 8b 40 28
0x00007fa73580b033:   4c 01 20 48 8b 05 03 4b be 00 48 8b 40 28 4c 01
0x00007fa73580b043:   20 48 63 43 40 48 8b 53 38 48 8d 04 40 48 8d 04
0x00007fa73580b053:   c2 48 c7 00 00 00 00 00 5b 41 5c 5d c3 55 48 89
0x00007fa73580b063:   e5 41 57 41 56 41 55 41 54 53 48 89 fb 48 81 ec
0x00007fa73580b073:   98 00 00 00 8b 46 18 4c 89 8d 78 ff ff ff 25 00
0x00007fa73580b083:   f0 00 00 3d 00 80 00 00 0f 84 87 00 00 00 31 d2
0x00007fa73580b093:   be 01 00 00 00 bf 18 00 00 00 e8 5e 88 e5 ff 49
0x00007fa73580b0a3:   89 c5 48 85 c0 74 3a 48 c7 40 08 00 00 00 00 48
0x00007fa73580b0b3:   8d 05 b7 51 b0 00 48 89 df 49 89 45 00 e8 cb fe
0x00007fa73580b0c3:   d0 ff 31 d2 be 01 00 00 00 48 8d 78 01 e8 2b 88
0x00007fa73580b0d3:   e5 ff 48 89 de 48 89 c7 e8 a0 ff d0 ff 49 89 45
0x00007fa73580b0e3:   10 48 83 3d f4 48 be 00 00 74 11 48 89 de 48 8d
0x00007fa73580b0f3:   3d 8c 72 8a 00 31 c0 e8 81 2d 00 00 48 81 c4 98
0x00007fa73580b103:   00 00 00 4c 89 e8 5b 41 5c 41 5d 41 5e 41 5f 5d
0x00007fa73580b113:   c3 0f 1f 40 00 41 89 d5 45 89 c7 66 48 8d 3d f2 


Stack slot to memory mapping:
stack at sp + 0 slots: 0x00007fa730028ff0 points into unknown readable memory: 02 00 00 00 a7 7f 00 00
stack at sp + 1 slots: 0x0000000800b8d6f8 is a pointer to class: 
org.apache.maven.surefire.util.internal.StringUtils {0x0000000800b8d6f8}
stack at sp + 2 slots: 0x00007fa7370710f0 is pointing into the stack for thread: 0x00007fa73002a800
stack at sp + 3 slots: 0x00007fa73601395d: <offset 0x0000000000d1a95d> in /usr/java/openjdk-14/lib/server/libjvm.so at 0x00007fa7352f9000
stack at sp + 4 slots: 0x00007fa737071030 is pointing into the stack for thread: 0x00007fa73002a800
stack at sp + 5 slots: 0x00007fa737070f80 is pointing into the stack for thread: 0x00007fa73002a800
stack at sp + 6 slots: 0x0 is NULL
stack at sp + 7 slots: 0x0000000000000433 is an unknown value


---------------  P R O C E S S  ---------------

Threads class SMR info:
_java_thread_list=0x00007fa730273b70, length=12, elements={
0x00007fa73002a800, 0x00007fa730188800, 0x00007fa73018a800, 0x00007fa730191000,
0x00007fa730193000, 0x00007fa730195000, 0x00007fa730197000, 0x00007fa730199000,
0x00007fa7301c8800, 0x00007fa7301cc800, 0x00007fa73021f000, 0x00007fa730272800
}

Java Threads: ( => current thread )
=>0x00007fa73002a800 JavaThread "main" [_thread_in_vm, id=135, stack(0x00007fa736f72000,0x00007fa737073000)]
  0x00007fa730188800 JavaThread "Reference Handler" daemon [_thread_blocked, id=142, stack(0x00007fa705dfd000,0x00007fa705efe000)]
  0x00007fa73018a800 JavaThread "Finalizer" daemon [_thread_blocked, id=143, stack(0x00007fa705cfc000,0x00007fa705dfd000)]
  0x00007fa730191000 JavaThread "Signal Dispatcher" daemon [_thread_blocked, id=144, stack(0x00007fa705bfb000,0x00007fa705cfc000)]
  0x00007fa730193000 JavaThread "Service Thread" daemon [_thread_blocked, id=145, stack(0x00007fa705afa000,0x00007fa705bfb000)]
  0x00007fa730195000 JavaThread "C2 CompilerThread0" daemon [_thread_blocked, id=146, stack(0x00007fa7059f9000,0x00007fa705afa000)]
  0x00007fa730197000 JavaThread "C1 CompilerThread0" daemon [_thread_blocked, id=147, stack(0x00007fa7058f8000,0x00007fa7059f9000)]
  0x00007fa730199000 JavaThread "Sweeper thread" daemon [_thread_blocked, id=148, stack(0x00007fa7057f7000,0x00007fa7058f8000)]
  0x00007fa7301c8800 JavaThread "Notification Thread" daemon [_thread_blocked, id=149, stack(0x00007fa7056f6000,0x00007fa7057f7000)]
  0x00007fa7301cc800 JavaThread "Common-Cleaner" daemon [_thread_blocked, id=151, stack(0x00007fa7054f3000,0x00007fa7055f4000)]
  0x00007fa73021f000 JavaThread "surefire-forkedjvm-command-thread" daemon [_thread_in_native, id=152, stack(0x00007fa7053f2000,0x00007fa7054f3000)]
  0x00007fa730272800 JavaThread "surefire-forkedjvm-ping-30s" daemon [_thread_blocked, id=153, stack(0x00007fa7052f1000,0x00007fa7053f2000)]

Other Threads:
  0x00007fa730185800 VMThread "VM Thread" [stack: 0x00007fa705f00000,0x00007fa706000000] [id=141]
  0x00007fa7301ca800 WatcherThread [stack: 0x00007fa7055f6000,0x00007fa7056f6000] [id=150]
  0x00007fa730063000 GCTaskThread "GC Thread#0" [stack: 0x00007fa73417b000,0x00007fa73427b000] [id=136]
  0x00007fa730071000 ConcurrentGCThread "G1 Main Marker" [stack: 0x00007fa734079000,0x00007fa734179000] [id=137]
  0x00007fa730072800 ConcurrentGCThread "G1 Conc#0" [stack: 0x00007fa714f57000,0x00007fa715057000] [id=138]
  0x00007fa730150000 ConcurrentGCThread "G1 Refine#0" [stack: 0x00007fa714a51000,0x00007fa714b51000] [id=139]
  0x00007fa730152000 ConcurrentGCThread "G1 Young RemSet Sampling" [stack: 0x00007fa71494f000,0x00007fa714a4f000] [id=140]

Threads with active compile tasks:

VM state:not at safepoint (normal execution)

VM Mutex/Monitor currently owned by a thread: None

Heap address: 0x000000009f200000, size: 1550 MB, Compressed Oops mode: 32-bit
Narrow klass base: 0x0000000800000000, Narrow klass shift: 3
Compressed class space size: 1073741824 Address: 0x0000000800b0f000

Heap:
 garbage-first heap   total 264192K, used 5956K [0x000000009f200000, 0x0000000100000000)
  region size 1024K, 7 young (7168K), 0 survivors (0K)
 Metaspace       used 1712K, capacity 5084K, committed 5504K, reserved 1056768K
  class space    used 189K, capacity 485K, committed 640K, reserved 1048576K
Heap Regions: E=young(eden), S=young(survivor), O=old, HS=humongous(starts), HC=humongous(continues), CS=collection set, F=free, OA=open archive, CA=closed archive, TAMS=top-at-mark-start (previous, next)
|   0|0x000000009f200000, 0x000000009f200000, 0x000000009f300000|  0%| F|  |TAMS 0x000000009f200000, 0x000000009f200000| Untracked 
|   1|0x000000009f300000, 0x000000009f300000, 0x000000009f400000|  0%| F|  |TAMS 0x000000009f300000, 0x000000009f300000| Untracked 
|   2|0x000000009f400000, 0x000000009f400000, 0x000000009f500000|  0%| F|  |TAMS 0x000000009f400000, 0x000000009f400000| Untracked 
|   3|0x000000009f500000, 0x000000009f500000, 0x000000009f600000|  0%| F|  |TAMS 0x000000009f500000, 0x000000009f500000| Untracked 
|   4|0x000000009f600000, 0x000000009f600000, 0x000000009f700000|  0%| F|  |TAMS 0x000000009f600000, 0x000000009f600000| Untracked 
|   5|0x000000009f700000, 0x000000009f700000, 0x000000009f800000|  0%| F|  |TAMS 0x000000009f700000, 0x000000009f700000| Untracked 
|   6|0x000000009f800000, 0x000000009f800000, 0x000000009f900000|  0%| F|  |TAMS 0x000000009f800000, 0x000000009f800000| Untracked 
|   7|0x000000009f900000, 0x000000009f900000, 0x000000009fa00000|  0%| F|  |TAMS 0x000000009f900000, 0x000000009f900000| Untracked 
|   8|0x000000009fa00000, 0x000000009fa00000, 0x000000009fb00000|  0%| F|  |TAMS 0x000000009fa00000, 0x000000009fa00000| Untracked 
|   9|0x000000009fb00000, 0x000000009fb00000, 0x000000009fc00000|  0%| F|  |TAMS 0x000000009fb00000, 0x000000009fb00000| Untracked 
|  10|0x000000009fc00000, 0x000000009fc00000, 0x000000009fd00000|  0%| F|  |TAMS 0x000000009fc00000, 0x000000009fc00000| Untracked 
|  11|0x000000009fd00000, 0x000000009fd00000, 0x000000009fe00000|  0%| F|  |TAMS 0x000000009fd00000, 0x000000009fd00000| Untracked 
|  12|0x000000009fe00000, 0x000000009fe00000, 0x000000009ff00000|  0%| F|  |TAMS 0x000000009fe00000, 0x000000009fe00000| Untracked 
|  13|0x000000009ff00000, 0x000000009ff00000, 0x00000000a0000000|  0%| F|  |TAMS 0x000000009ff00000, 0x000000009ff00000| Untracked 
|  14|0x00000000a0000000, 0x00000000a0000000, 0x00000000a0100000|  0%| F|  |TAMS 0x00000000a0000000, 0x00000000a0000000| Untracked 
|  15|0x00000000a0100000, 0x00000000a0100000, 0x00000000a0200000|  0%| F|  |TAMS 0x00000000a0100000, 0x00000000a0100000| Untracked 
|  16|0x00000000a0200000, 0x00000000a0200000, 0x00000000a0300000|  0%| F|  |TAMS 0x00000000a0200000, 0x00000000a0200000| Untracked 
|  17|0x00000000a0300000, 0x00000000a0300000, 0x00000000a0400000|  0%| F|  |TAMS 0x00000000a0300000, 0x00000000a0300000| Untracked 
|  18|0x00000000a0400000, 0x00000000a0400000, 0x00000000a0500000|  0%| F|  |TAMS 0x00000000a0400000, 0x00000000a0400000| Untracked 
|  19|0x00000000a0500000, 0x00000000a0500000, 0x00000000a0600000|  0%| F|  |TAMS 0x00000000a0500000, 0x00000000a0500000| Untracked 
|  20|0x00000000a0600000, 0x00000000a0600000, 0x00000000a0700000|  0%| F|  |TAMS 0x00000000a0600000, 0x00000000a0600000| Untracked 
|  21|0x00000000a0700000, 0x00000000a0700000, 0x00000000a0800000|  0%| F|  |TAMS 0x00000000a0700000, 0x00000000a0700000| Untracked 
|  22|0x00000000a0800000, 0x00000000a0800000, 0x00000000a0900000|  0%| F|  |TAMS 0x00000000a0800000, 0x00000000a0800000| Untracked 
|  23|0x00000000a0900000, 0x00000000a0900000, 0x00000000a0a00000|  0%| F|  |TAMS 0x00000000a0900000, 0x00000000a0900000| Untracked 
|  24|0x00000000a0a00000, 0x00000000a0a00000, 0x00000000a0b00000|  0%| F|  |TAMS 0x00000000a0a00000, 0x00000000a0a00000| Untracked 
|  25|0x00000000a0b00000, 0x00000000a0b00000, 0x00000000a0c00000|  0%| F|  |TAMS 0x00000000a0b00000, 0x00000000a0b00000| Untracked 
|  26|0x00000000a0c00000, 0x00000000a0c00000, 0x00000000a0d00000|  0%| F|  |TAMS 0x00000000a0c00000, 0x00000000a0c00000| Untracked 
|  27|0x00000000a0d00000, 0x00000000a0d00000, 0x00000000a0e00000|  0%| F|  |TAMS 0x00000000a0d00000, 0x00000000a0d00000| Untracked 
|  28|0x00000000a0e00000, 0x00000000a0e00000, 0x00000000a0f00000|  0%| F|  |TAMS 0x00000000a0e00000, 0x00000000a0e00000| Untracked 
|  29|0x00000000a0f00000, 0x00000000a0f00000, 0x00000000a1000000|  0%| F|  |TAMS 0x00000000a0f00000, 0x00000000a0f00000| Untracked 
|  30|0x00000000a1000000, 0x00000000a1000000, 0x00000000a1100000|  0%| F|  |TAMS 0x00000000a1000000, 0x00000000a1000000| Untracked 
|  31|0x00000000a1100000, 0x00000000a1100000, 0x00000000a1200000|  0%| F|  |TAMS 0x00000000a1100000, 0x00000000a1100000| Untracked 
|  32|0x00000000a1200000, 0x00000000a1200000, 0x00000000a1300000|  0%| F|  |TAMS 0x00000000a1200000, 0x00000000a1200000| Untracked 
|  33|0x00000000a1300000, 0x00000000a1300000, 0x00000000a1400000|  0%| F|  |TAMS 0x00000000a1300000, 0x00000000a1300000| Untracked 
|  34|0x00000000a1400000, 0x00000000a1400000, 0x00000000a1500000|  0%| F|  |TAMS 0x00000000a1400000, 0x00000000a1400000| Untracked 
|  35|0x00000000a1500000, 0x00000000a1500000, 0x00000000a1600000|  0%| F|  |TAMS 0x00000000a1500000, 0x00000000a1500000| Untracked 
|  36|0x00000000a1600000, 0x00000000a1600000, 0x00000000a1700000|  0%| F|  |TAMS 0x00000000a1600000, 0x00000000a1600000| Untracked 
|  37|0x00000000a1700000, 0x00000000a1700000, 0x00000000a1800000|  0%| F|  |TAMS 0x00000000a1700000, 0x00000000a1700000| Untracked 
|  38|0x00000000a1800000, 0x00000000a1800000, 0x00000000a1900000|  0%| F|  |TAMS 0x00000000a1800000, 0x00000000a1800000| Untracked 
|  39|0x00000000a1900000, 0x00000000a1900000, 0x00000000a1a00000|  0%| F|  |TAMS 0x00000000a1900000, 0x00000000a1900000| Untracked 
|  40|0x00000000a1a00000, 0x00000000a1a00000, 0x00000000a1b00000|  0%| F|  |TAMS 0x00000000a1a00000, 0x00000000a1a00000| Untracked 
|  41|0x00000000a1b00000, 0x00000000a1b00000, 0x00000000a1c00000|  0%| F|  |TAMS 0x00000000a1b00000, 0x00000000a1b00000| Untracked 
|  42|0x00000000a1c00000, 0x00000000a1c00000, 0x00000000a1d00000|  0%| F|  |TAMS 0x00000000a1c00000, 0x00000000a1c00000| Untracked 
|  43|0x00000000a1d00000, 0x00000000a1d00000, 0x00000000a1e00000|  0%| F|  |TAMS 0x00000000a1d00000, 0x00000000a1d00000| Untracked 
|  44|0x00000000a1e00000, 0x00000000a1e00000, 0x00000000a1f00000|  0%| F|  |TAMS 0x00000000a1e00000, 0x00000000a1e00000| Untracked 
|  45|0x00000000a1f00000, 0x00000000a1f00000, 0x00000000a2000000|  0%| F|  |TAMS 0x00000000a1f00000, 0x00000000a1f00000| Untracked 
|  46|0x00000000a2000000, 0x00000000a2000000, 0x00000000a2100000|  0%| F|  |TAMS 0x00000000a2000000, 0x00000000a2000000| Untracked 
|  47|0x00000000a2100000, 0x00000000a2100000, 0x00000000a2200000|  0%| F|  |TAMS 0x00000000a2100000, 0x00000000a2100000| Untracked 
|  48|0x00000000a2200000, 0x00000000a2200000, 0x00000000a2300000|  0%| F|  |TAMS 0x00000000a2200000, 0x00000000a2200000| Untracked 
|  49|0x00000000a2300000, 0x00000000a2300000, 0x00000000a2400000|  0%| F|  |TAMS 0x00000000a2300000, 0x00000000a2300000| Untracked 
|  50|0x00000000a2400000, 0x00000000a2400000, 0x00000000a2500000|  0%| F|  |TAMS 0x00000000a2400000, 0x00000000a2400000| Untracked 
|  51|0x00000000a2500000, 0x00000000a2500000, 0x00000000a2600000|  0%| F|  |TAMS 0x00000000a2500000, 0x00000000a2500000| Untracked 
|  52|0x00000000a2600000, 0x00000000a2600000, 0x00000000a2700000|  0%| F|  |TAMS 0x00000000a2600000, 0x00000000a2600000| Untracked 
|  53|0x00000000a2700000, 0x00000000a2700000, 0x00000000a2800000|  0%| F|  |TAMS 0x00000000a2700000, 0x00000000a2700000| Untracked 
|  54|0x00000000a2800000, 0x00000000a2800000, 0x00000000a2900000|  0%| F|  |TAMS 0x00000000a2800000, 0x00000000a2800000| Untracked 
|  55|0x00000000a2900000, 0x00000000a2900000, 0x00000000a2a00000|  0%| F|  |TAMS 0x00000000a2900000, 0x00000000a2900000| Untracked 
|  56|0x00000000a2a00000, 0x00000000a2a00000, 0x00000000a2b00000|  0%| F|  |TAMS 0x00000000a2a00000, 0x00000000a2a00000| Untracked 
|  57|0x00000000a2b00000, 0x00000000a2b00000, 0x00000000a2c00000|  0%| F|  |TAMS 0x00000000a2b00000, 0x00000000a2b00000| Untracked 
|  58|0x00000000a2c00000, 0x00000000a2c00000, 0x00000000a2d00000|  0%| F|  |TAMS 0x00000000a2c00000, 0x00000000a2c00000| Untracked 
|  59|0x00000000a2d00000, 0x00000000a2d00000, 0x00000000a2e00000|  0%| F|  |TAMS 0x00000000a2d00000, 0x00000000a2d00000| Untracked 
|  60|0x00000000a2e00000, 0x00000000a2e00000, 0x00000000a2f00000|  0%| F|  |TAMS 0x00000000a2e00000, 0x00000000a2e00000| Untracked 
|  61|0x00000000a2f00000, 0x00000000a2f00000, 0x00000000a3000000|  0%| F|  |TAMS 0x00000000a2f00000, 0x00000000a2f00000| Untracked 
|  62|0x00000000a3000000, 0x00000000a3000000, 0x00000000a3100000|  0%| F|  |TAMS 0x00000000a3000000, 0x00000000a3000000| Untracked 
|  63|0x00000000a3100000, 0x00000000a3100000, 0x00000000a3200000|  0%| F|  |TAMS 0x00000000a3100000, 0x00000000a3100000| Untracked 
|  64|0x00000000a3200000, 0x00000000a3200000, 0x00000000a3300000|  0%| F|  |TAMS 0x00000000a3200000, 0x00000000a3200000| Untracked 
|  65|0x00000000a3300000, 0x00000000a3300000, 0x00000000a3400000|  0%| F|  |TAMS 0x00000000a3300000, 0x00000000a3300000| Untracked 
|  66|0x00000000a3400000, 0x00000000a3400000, 0x00000000a3500000|  0%| F|  |TAMS 0x00000000a3400000, 0x00000000a3400000| Untracked 
|  67|0x00000000a3500000, 0x00000000a3500000, 0x00000000a3600000|  0%| F|  |TAMS 0x00000000a3500000, 0x00000000a3500000| Untracked 
|  68|0x00000000a3600000, 0x00000000a3600000, 0x00000000a3700000|  0%| F|  |TAMS 0x00000000a3600000, 0x00000000a3600000| Untracked 
|  69|0x00000000a3700000, 0x00000000a3700000, 0x00000000a3800000|  0%| F|  |TAMS 0x00000000a3700000, 0x00000000a3700000| Untracked 
|  70|0x00000000a3800000, 0x00000000a3800000, 0x00000000a3900000|  0%| F|  |TAMS 0x00000000a3800000, 0x00000000a3800000| Untracked 
|  71|0x00000000a3900000, 0x00000000a3900000, 0x00000000a3a00000|  0%| F|  |TAMS 0x00000000a3900000, 0x00000000a3900000| Untracked 
|  72|0x00000000a3a00000, 0x00000000a3a00000, 0x00000000a3b00000|  0%| F|  |TAMS 0x00000000a3a00000, 0x00000000a3a00000| Untracked 
|  73|0x00000000a3b00000, 0x00000000a3b00000, 0x00000000a3c00000|  0%| F|  |TAMS 0x00000000a3b00000, 0x00000000a3b00000| Untracked 
|  74|0x00000000a3c00000, 0x00000000a3c00000, 0x00000000a3d00000|  0%| F|  |TAMS 0x00000000a3c00000, 0x00000000a3c00000| Untracked 
|  75|0x00000000a3d00000, 0x00000000a3d00000, 0x00000000a3e00000|  0%| F|  |TAMS 0x00000000a3d00000, 0x00000000a3d00000| Untracked 
|  76|0x00000000a3e00000, 0x00000000a3e00000, 0x00000000a3f00000|  0%| F|  |TAMS 0x00000000a3e00000, 0x00000000a3e00000| Untracked 
|  77|0x00000000a3f00000, 0x00000000a3f00000, 0x00000000a4000000|  0%| F|  |TAMS 0x00000000a3f00000, 0x00000000a3f00000| Untracked 
|  78|0x00000000a4000000, 0x00000000a4000000, 0x00000000a4100000|  0%| F|  |TAMS 0x00000000a4000000, 0x00000000a4000000| Untracked 
|  79|0x00000000a4100000, 0x00000000a4100000, 0x00000000a4200000|  0%| F|  |TAMS 0x00000000a4100000, 0x00000000a4100000| Untracked 
|  80|0x00000000a4200000, 0x00000000a4200000, 0x00000000a4300000|  0%| F|  |TAMS 0x00000000a4200000, 0x00000000a4200000| Untracked 
|  81|0x00000000a4300000, 0x00000000a4300000, 0x00000000a4400000|  0%| F|  |TAMS 0x00000000a4300000, 0x00000000a4300000| Untracked 
|  82|0x00000000a4400000, 0x00000000a4400000, 0x00000000a4500000|  0%| F|  |TAMS 0x00000000a4400000, 0x00000000a4400000| Untracked 
|  83|0x00000000a4500000, 0x00000000a4500000, 0x00000000a4600000|  0%| F|  |TAMS 0x00000000a4500000, 0x00000000a4500000| Untracked 
|  84|0x00000000a4600000, 0x00000000a4600000, 0x00000000a4700000|  0%| F|  |TAMS 0x00000000a4600000, 0x00000000a4600000| Untracked 
|  85|0x00000000a4700000, 0x00000000a4700000, 0x00000000a4800000|  0%| F|  |TAMS 0x00000000a4700000, 0x00000000a4700000| Untracked 
|  86|0x00000000a4800000, 0x00000000a4800000, 0x00000000a4900000|  0%| F|  |TAMS 0x00000000a4800000, 0x00000000a4800000| Untracked 
|  87|0x00000000a4900000, 0x00000000a4900000, 0x00000000a4a00000|  0%| F|  |TAMS 0x00000000a4900000, 0x00000000a4900000| Untracked 
|  88|0x00000000a4a00000, 0x00000000a4a00000, 0x00000000a4b00000|  0%| F|  |TAMS 0x00000000a4a00000, 0x00000000a4a00000| Untracked 
|  89|0x00000000a4b00000, 0x00000000a4b00000, 0x00000000a4c00000|  0%| F|  |TAMS 0x00000000a4b00000, 0x00000000a4b00000| Untracked 
|  90|0x00000000a4c00000, 0x00000000a4c00000, 0x00000000a4d00000|  0%| F|  |TAMS 0x00000000a4c00000, 0x00000000a4c00000| Untracked 
|  91|0x00000000a4d00000, 0x00000000a4d00000, 0x00000000a4e00000|  0%| F|  |TAMS 0x00000000a4d00000, 0x00000000a4d00000| Untracked 
|  92|0x00000000a4e00000, 0x00000000a4e00000, 0x00000000a4f00000|  0%| F|  |TAMS 0x00000000a4e00000, 0x00000000a4e00000| Untracked 
|  93|0x00000000a4f00000, 0x00000000a4f00000, 0x00000000a5000000|  0%| F|  |TAMS 0x00000000a4f00000, 0x00000000a4f00000| Untracked 
|  94|0x00000000a5000000, 0x00000000a5000000, 0x00000000a5100000|  0%| F|  |TAMS 0x00000000a5000000, 0x00000000a5000000| Untracked 
|  95|0x00000000a5100000, 0x00000000a5100000, 0x00000000a5200000|  0%| F|  |TAMS 0x00000000a5100000, 0x00000000a5100000| Untracked 
|  96|0x00000000a5200000, 0x00000000a5200000, 0x00000000a5300000|  0%| F|  |TAMS 0x00000000a5200000, 0x00000000a5200000| Untracked 
|  97|0x00000000a5300000, 0x00000000a5300000, 0x00000000a5400000|  0%| F|  |TAMS 0x00000000a5300000, 0x00000000a5300000| Untracked 
|  98|0x00000000a5400000, 0x00000000a5400000, 0x00000000a5500000|  0%| F|  |TAMS 0x00000000a5400000, 0x00000000a5400000| Untracked 
|  99|0x00000000a5500000, 0x00000000a5500000, 0x00000000a5600000|  0%| F|  |TAMS 0x00000000a5500000, 0x00000000a5500000| Untracked 
| 100|0x00000000a5600000, 0x00000000a5600000, 0x00000000a5700000|  0%| F|  |TAMS 0x00000000a5600000, 0x00000000a5600000| Untracked 
| 101|0x00000000a5700000, 0x00000000a5700000, 0x00000000a5800000|  0%| F|  |TAMS 0x00000000a5700000, 0x00000000a5700000| Untracked 
| 102|0x00000000a5800000, 0x00000000a5800000, 0x00000000a5900000|  0%| F|  |TAMS 0x00000000a5800000, 0x00000000a5800000| Untracked 
| 103|0x00000000a5900000, 0x00000000a5900000, 0x00000000a5a00000|  0%| F|  |TAMS 0x00000000a5900000, 0x00000000a5900000| Untracked 
| 104|0x00000000a5a00000, 0x00000000a5a00000, 0x00000000a5b00000|  0%| F|  |TAMS 0x00000000a5a00000, 0x00000000a5a00000| Untracked 
| 105|0x00000000a5b00000, 0x00000000a5b00000, 0x00000000a5c00000|  0%| F|  |TAMS 0x00000000a5b00000, 0x00000000a5b00000| Untracked 
| 106|0x00000000a5c00000, 0x00000000a5c00000, 0x00000000a5d00000|  0%| F|  |TAMS 0x00000000a5c00000, 0x00000000a5c00000| Untracked 
| 107|0x00000000a5d00000, 0x00000000a5d00000, 0x00000000a5e00000|  0%| F|  |TAMS 0x00000000a5d00000, 0x00000000a5d00000| Untracked 
| 108|0x00000000a5e00000, 0x00000000a5e00000, 0x00000000a5f00000|  0%| F|  |TAMS 0x00000000a5e00000, 0x00000000a5e00000| Untracked 
| 109|0x00000000a5f00000, 0x00000000a5f00000, 0x00000000a6000000|  0%| F|  |TAMS 0x00000000a5f00000, 0x00000000a5f00000| Untracked 
| 110|0x00000000a6000000, 0x00000000a6000000, 0x00000000a6100000|  0%| F|  |TAMS 0x00000000a6000000, 0x00000000a6000000| Untracked 
| 111|0x00000000a6100000, 0x00000000a6100000, 0x00000000a6200000|  0%| F|  |TAMS 0x00000000a6100000, 0x00000000a6100000| Untracked 
| 112|0x00000000a6200000, 0x00000000a6200000, 0x00000000a6300000|  0%| F|  |TAMS 0x00000000a6200000, 0x00000000a6200000| Untracked 
| 113|0x00000000a6300000, 0x00000000a6300000, 0x00000000a6400000|  0%| F|  |TAMS 0x00000000a6300000, 0x00000000a6300000| Untracked 
| 114|0x00000000a6400000, 0x00000000a6400000, 0x00000000a6500000|  0%| F|  |TAMS 0x00000000a6400000, 0x00000000a6400000| Untracked 
| 115|0x00000000a6500000, 0x00000000a6500000, 0x00000000a6600000|  0%| F|  |TAMS 0x00000000a6500000, 0x00000000a6500000| Untracked 
| 116|0x00000000a6600000, 0x00000000a6600000, 0x00000000a6700000|  0%| F|  |TAMS 0x00000000a6600000, 0x00000000a6600000| Untracked 
| 117|0x00000000a6700000, 0x00000000a6700000, 0x00000000a6800000|  0%| F|  |TAMS 0x00000000a6700000, 0x00000000a6700000| Untracked 
| 118|0x00000000a6800000, 0x00000000a6800000, 0x00000000a6900000|  0%| F|  |TAMS 0x00000000a6800000, 0x00000000a6800000| Untracked 
| 119|0x00000000a6900000, 0x00000000a6900000, 0x00000000a6a00000|  0%| F|  |TAMS 0x00000000a6900000, 0x00000000a6900000| Untracked 
| 120|0x00000000a6a00000, 0x00000000a6a00000, 0x00000000a6b00000|  0%| F|  |TAMS 0x00000000a6a00000, 0x00000000a6a00000| Untracked 
| 121|0x00000000a6b00000, 0x00000000a6b00000, 0x00000000a6c00000|  0%| F|  |TAMS 0x00000000a6b00000, 0x00000000a6b00000| Untracked 
| 122|0x00000000a6c00000, 0x00000000a6c00000, 0x00000000a6d00000|  0%| F|  |TAMS 0x00000000a6c00000, 0x00000000a6c00000| Untracked 
| 123|0x00000000a6d00000, 0x00000000a6d00000, 0x00000000a6e00000|  0%| F|  |TAMS 0x00000000a6d00000, 0x00000000a6d00000| Untracked 
| 124|0x00000000a6e00000, 0x00000000a6e00000, 0x00000000a6f00000|  0%| F|  |TAMS 0x00000000a6e00000, 0x00000000a6e00000| Untracked 
| 125|0x00000000a6f00000, 0x00000000a6f00000, 0x00000000a7000000|  0%| F|  |TAMS 0x00000000a6f00000, 0x00000000a6f00000| Untracked 
| 126|0x00000000a7000000, 0x00000000a7000000, 0x00000000a7100000|  0%| F|  |TAMS 0x00000000a7000000, 0x00000000a7000000| Untracked 
| 127|0x00000000a7100000, 0x00000000a7100000, 0x00000000a7200000|  0%| F|  |TAMS 0x00000000a7100000, 0x00000000a7100000| Untracked 
| 128|0x00000000a7200000, 0x00000000a7200000, 0x00000000a7300000|  0%| F|  |TAMS 0x00000000a7200000, 0x00000000a7200000| Untracked 
| 129|0x00000000a7300000, 0x00000000a7300000, 0x00000000a7400000|  0%| F|  |TAMS 0x00000000a7300000, 0x00000000a7300000| Untracked 
| 130|0x00000000a7400000, 0x00000000a7400000, 0x00000000a7500000|  0%| F|  |TAMS 0x00000000a7400000, 0x00000000a7400000| Untracked 
| 131|0x00000000a7500000, 0x00000000a7500000, 0x00000000a7600000|  0%| F|  |TAMS 0x00000000a7500000, 0x00000000a7500000| Untracked 
| 132|0x00000000a7600000, 0x00000000a7600000, 0x00000000a7700000|  0%| F|  |TAMS 0x00000000a7600000, 0x00000000a7600000| Untracked 
| 133|0x00000000a7700000, 0x00000000a7700000, 0x00000000a7800000|  0%| F|  |TAMS 0x00000000a7700000, 0x00000000a7700000| Untracked 
| 134|0x00000000a7800000, 0x00000000a7800000, 0x00000000a7900000|  0%| F|  |TAMS 0x00000000a7800000, 0x00000000a7800000| Untracked 
| 135|0x00000000a7900000, 0x00000000a7900000, 0x00000000a7a00000|  0%| F|  |TAMS 0x00000000a7900000, 0x00000000a7900000| Untracked 
| 136|0x00000000a7a00000, 0x00000000a7a00000, 0x00000000a7b00000|  0%| F|  |TAMS 0x00000000a7a00000, 0x00000000a7a00000| Untracked 
| 137|0x00000000a7b00000, 0x00000000a7b00000, 0x00000000a7c00000|  0%| F|  |TAMS 0x00000000a7b00000, 0x00000000a7b00000| Untracked 
| 138|0x00000000a7c00000, 0x00000000a7c00000, 0x00000000a7d00000|  0%| F|  |TAMS 0x00000000a7c00000, 0x00000000a7c00000| Untracked 
| 139|0x00000000a7d00000, 0x00000000a7d00000, 0x00000000a7e00000|  0%| F|  |TAMS 0x00000000a7d00000, 0x00000000a7d00000| Untracked 
| 140|0x00000000a7e00000, 0x00000000a7e00000, 0x00000000a7f00000|  0%| F|  |TAMS 0x00000000a7e00000, 0x00000000a7e00000| Untracked 
| 141|0x00000000a7f00000, 0x00000000a7f00000, 0x00000000a8000000|  0%| F|  |TAMS 0x00000000a7f00000, 0x00000000a7f00000| Untracked 
| 142|0x00000000a8000000, 0x00000000a8000000, 0x00000000a8100000|  0%| F|  |TAMS 0x00000000a8000000, 0x00000000a8000000| Untracked 
| 143|0x00000000a8100000, 0x00000000a8100000, 0x00000000a8200000|  0%| F|  |TAMS 0x00000000a8100000, 0x00000000a8100000| Untracked 
| 144|0x00000000a8200000, 0x00000000a8200000, 0x00000000a8300000|  0%| F|  |TAMS 0x00000000a8200000, 0x00000000a8200000| Untracked 
| 145|0x00000000a8300000, 0x00000000a8300000, 0x00000000a8400000|  0%| F|  |TAMS 0x00000000a8300000, 0x00000000a8300000| Untracked 
| 146|0x00000000a8400000, 0x00000000a8400000, 0x00000000a8500000|  0%| F|  |TAMS 0x00000000a8400000, 0x00000000a8400000| Untracked 
| 147|0x00000000a8500000, 0x00000000a8500000, 0x00000000a8600000|  0%| F|  |TAMS 0x00000000a8500000, 0x00000000a8500000| Untracked 
| 148|0x00000000a8600000, 0x00000000a8600000, 0x00000000a8700000|  0%| F|  |TAMS 0x00000000a8600000, 0x00000000a8600000| Untracked 
| 149|0x00000000a8700000, 0x00000000a8700000, 0x00000000a8800000|  0%| F|  |TAMS 0x00000000a8700000, 0x00000000a8700000| Untracked 
| 150|0x00000000a8800000, 0x00000000a8800000, 0x00000000a8900000|  0%| F|  |TAMS 0x00000000a8800000, 0x00000000a8800000| Untracked 
| 151|0x00000000a8900000, 0x00000000a8900000, 0x00000000a8a00000|  0%| F|  |TAMS 0x00000000a8900000, 0x00000000a8900000| Untracked 
| 152|0x00000000a8a00000, 0x00000000a8a00000, 0x00000000a8b00000|  0%| F|  |TAMS 0x00000000a8a00000, 0x00000000a8a00000| Untracked 
| 153|0x00000000a8b00000, 0x00000000a8b00000, 0x00000000a8c00000|  0%| F|  |TAMS 0x00000000a8b00000, 0x00000000a8b00000| Untracked 
| 154|0x00000000a8c00000, 0x00000000a8c00000, 0x00000000a8d00000|  0%| F|  |TAMS 0x00000000a8c00000, 0x00000000a8c00000| Untracked 
| 155|0x00000000a8d00000, 0x00000000a8d00000, 0x00000000a8e00000|  0%| F|  |TAMS 0x00000000a8d00000, 0x00000000a8d00000| Untracked 
| 156|0x00000000a8e00000, 0x00000000a8e00000, 0x00000000a8f00000|  0%| F|  |TAMS 0x00000000a8e00000, 0x00000000a8e00000| Untracked 
| 157|0x00000000a8f00000, 0x00000000a8f00000, 0x00000000a9000000|  0%| F|  |TAMS 0x00000000a8f00000, 0x00000000a8f00000| Untracked 
| 158|0x00000000a9000000, 0x00000000a9000000, 0x00000000a9100000|  0%| F|  |TAMS 0x00000000a9000000, 0x00000000a9000000| Untracked 
| 159|0x00000000a9100000, 0x00000000a9100000, 0x00000000a9200000|  0%| F|  |TAMS 0x00000000a9100000, 0x00000000a9100000| Untracked 
| 160|0x00000000a9200000, 0x00000000a9200000, 0x00000000a9300000|  0%| F|  |TAMS 0x00000000a9200000, 0x00000000a9200000| Untracked 
| 161|0x00000000a9300000, 0x00000000a9300000, 0x00000000a9400000|  0%| F|  |TAMS 0x00000000a9300000, 0x00000000a9300000| Untracked 
| 162|0x00000000a9400000, 0x00000000a9400000, 0x00000000a9500000|  0%| F|  |TAMS 0x00000000a9400000, 0x00000000a9400000| Untracked 
| 163|0x00000000a9500000, 0x00000000a9500000, 0x00000000a9600000|  0%| F|  |TAMS 0x00000000a9500000, 0x00000000a9500000| Untracked 
| 164|0x00000000a9600000, 0x00000000a9600000, 0x00000000a9700000|  0%| F|  |TAMS 0x00000000a9600000, 0x00000000a9600000| Untracked 
| 165|0x00000000a9700000, 0x00000000a9700000, 0x00000000a9800000|  0%| F|  |TAMS 0x00000000a9700000, 0x00000000a9700000| Untracked 
| 166|0x00000000a9800000, 0x00000000a9800000, 0x00000000a9900000|  0%| F|  |TAMS 0x00000000a9800000, 0x00000000a9800000| Untracked 
| 167|0x00000000a9900000, 0x00000000a9900000, 0x00000000a9a00000|  0%| F|  |TAMS 0x00000000a9900000, 0x00000000a9900000| Untracked 
| 168|0x00000000a9a00000, 0x00000000a9a00000, 0x00000000a9b00000|  0%| F|  |TAMS 0x00000000a9a00000, 0x00000000a9a00000| Untracked 
| 169|0x00000000a9b00000, 0x00000000a9b00000, 0x00000000a9c00000|  0%| F|  |TAMS 0x00000000a9b00000, 0x00000000a9b00000| Untracked 
| 170|0x00000000a9c00000, 0x00000000a9c00000, 0x00000000a9d00000|  0%| F|  |TAMS 0x00000000a9c00000, 0x00000000a9c00000| Untracked 
| 171|0x00000000a9d00000, 0x00000000a9d00000, 0x00000000a9e00000|  0%| F|  |TAMS 0x00000000a9d00000, 0x00000000a9d00000| Untracked 
| 172|0x00000000a9e00000, 0x00000000a9e00000, 0x00000000a9f00000|  0%| F|  |TAMS 0x00000000a9e00000, 0x00000000a9e00000| Untracked 
| 173|0x00000000a9f00000, 0x00000000a9f00000, 0x00000000aa000000|  0%| F|  |TAMS 0x00000000a9f00000, 0x00000000a9f00000| Untracked 
| 174|0x00000000aa000000, 0x00000000aa000000, 0x00000000aa100000|  0%| F|  |TAMS 0x00000000aa000000, 0x00000000aa000000| Untracked 
| 175|0x00000000aa100000, 0x00000000aa100000, 0x00000000aa200000|  0%| F|  |TAMS 0x00000000aa100000, 0x00000000aa100000| Untracked 
| 176|0x00000000aa200000, 0x00000000aa200000, 0x00000000aa300000|  0%| F|  |TAMS 0x00000000aa200000, 0x00000000aa200000| Untracked 
| 177|0x00000000aa300000, 0x00000000aa300000, 0x00000000aa400000|  0%| F|  |TAMS 0x00000000aa300000, 0x00000000aa300000| Untracked 
| 178|0x00000000aa400000, 0x00000000aa400000, 0x00000000aa500000|  0%| F|  |TAMS 0x00000000aa400000, 0x00000000aa400000| Untracked 
| 179|0x00000000aa500000, 0x00000000aa500000, 0x00000000aa600000|  0%| F|  |TAMS 0x00000000aa500000, 0x00000000aa500000| Untracked 
| 180|0x00000000aa600000, 0x00000000aa600000, 0x00000000aa700000|  0%| F|  |TAMS 0x00000000aa600000, 0x00000000aa600000| Untracked 
| 181|0x00000000aa700000, 0x00000000aa700000, 0x00000000aa800000|  0%| F|  |TAMS 0x00000000aa700000, 0x00000000aa700000| Untracked 
| 182|0x00000000aa800000, 0x00000000aa800000, 0x00000000aa900000|  0%| F|  |TAMS 0x00000000aa800000, 0x00000000aa800000| Untracked 
| 183|0x00000000aa900000, 0x00000000aa900000, 0x00000000aaa00000|  0%| F|  |TAMS 0x00000000aa900000, 0x00000000aa900000| Untracked 
| 184|0x00000000aaa00000, 0x00000000aaa00000, 0x00000000aab00000|  0%| F|  |TAMS 0x00000000aaa00000, 0x00000000aaa00000| Untracked 
| 185|0x00000000aab00000, 0x00000000aab00000, 0x00000000aac00000|  0%| F|  |TAMS 0x00000000aab00000, 0x00000000aab00000| Untracked 
| 186|0x00000000aac00000, 0x00000000aac00000, 0x00000000aad00000|  0%| F|  |TAMS 0x00000000aac00000, 0x00000000aac00000| Untracked 
| 187|0x00000000aad00000, 0x00000000aad00000, 0x00000000aae00000|  0%| F|  |TAMS 0x00000000aad00000, 0x00000000aad00000| Untracked 
| 188|0x00000000aae00000, 0x00000000aae00000, 0x00000000aaf00000|  0%| F|  |TAMS 0x00000000aae00000, 0x00000000aae00000| Untracked 
| 189|0x00000000aaf00000, 0x00000000aaf00000, 0x00000000ab000000|  0%| F|  |TAMS 0x00000000aaf00000, 0x00000000aaf00000| Untracked 
| 190|0x00000000ab000000, 0x00000000ab000000, 0x00000000ab100000|  0%| F|  |TAMS 0x00000000ab000000, 0x00000000ab000000| Untracked 
| 191|0x00000000ab100000, 0x00000000ab100000, 0x00000000ab200000|  0%| F|  |TAMS 0x00000000ab100000, 0x00000000ab100000| Untracked 
| 192|0x00000000ab200000, 0x00000000ab200000, 0x00000000ab300000|  0%| F|  |TAMS 0x00000000ab200000, 0x00000000ab200000| Untracked 
| 193|0x00000000ab300000, 0x00000000ab300000, 0x00000000ab400000|  0%| F|  |TAMS 0x00000000ab300000, 0x00000000ab300000| Untracked 
| 194|0x00000000ab400000, 0x00000000ab400000, 0x00000000ab500000|  0%| F|  |TAMS 0x00000000ab400000, 0x00000000ab400000| Untracked 
| 195|0x00000000ab500000, 0x00000000ab500000, 0x00000000ab600000|  0%| F|  |TAMS 0x00000000ab500000, 0x00000000ab500000| Untracked 
| 196|0x00000000ab600000, 0x00000000ab600000, 0x00000000ab700000|  0%| F|  |TAMS 0x00000000ab600000, 0x00000000ab600000| Untracked 
| 197|0x00000000ab700000, 0x00000000ab700000, 0x00000000ab800000|  0%| F|  |TAMS 0x00000000ab700000, 0x00000000ab700000| Untracked 
| 198|0x00000000ab800000, 0x00000000ab800000, 0x00000000ab900000|  0%| F|  |TAMS 0x00000000ab800000, 0x00000000ab800000| Untracked 
| 199|0x00000000ab900000, 0x00000000ab900000, 0x00000000aba00000|  0%| F|  |TAMS 0x00000000ab900000, 0x00000000ab900000| Untracked 
| 200|0x00000000aba00000, 0x00000000aba00000, 0x00000000abb00000|  0%| F|  |TAMS 0x00000000aba00000, 0x00000000aba00000| Untracked 
| 201|0x00000000abb00000, 0x00000000abb00000, 0x00000000abc00000|  0%| F|  |TAMS 0x00000000abb00000, 0x00000000abb00000| Untracked 
| 202|0x00000000abc00000, 0x00000000abc00000, 0x00000000abd00000|  0%| F|  |TAMS 0x00000000abc00000, 0x00000000abc00000| Untracked 
| 203|0x00000000abd00000, 0x00000000abd00000, 0x00000000abe00000|  0%| F|  |TAMS 0x00000000abd00000, 0x00000000abd00000| Untracked 
| 204|0x00000000abe00000, 0x00000000abe00000, 0x00000000abf00000|  0%| F|  |TAMS 0x00000000abe00000, 0x00000000abe00000| Untracked 
| 205|0x00000000abf00000, 0x00000000abf00000, 0x00000000ac000000|  0%| F|  |TAMS 0x00000000abf00000, 0x00000000abf00000| Untracked 
| 206|0x00000000ac000000, 0x00000000ac000000, 0x00000000ac100000|  0%| F|  |TAMS 0x00000000ac000000, 0x00000000ac000000| Untracked 
| 207|0x00000000ac100000, 0x00000000ac100000, 0x00000000ac200000|  0%| F|  |TAMS 0x00000000ac100000, 0x00000000ac100000| Untracked 
| 208|0x00000000ac200000, 0x00000000ac200000, 0x00000000ac300000|  0%| F|  |TAMS 0x00000000ac200000, 0x00000000ac200000| Untracked 
| 209|0x00000000ac300000, 0x00000000ac300000, 0x00000000ac400000|  0%| F|  |TAMS 0x00000000ac300000, 0x00000000ac300000| Untracked 
| 210|0x00000000ac400000, 0x00000000ac400000, 0x00000000ac500000|  0%| F|  |TAMS 0x00000000ac400000, 0x00000000ac400000| Untracked 
| 211|0x00000000ac500000, 0x00000000ac500000, 0x00000000ac600000|  0%| F|  |TAMS 0x00000000ac500000, 0x00000000ac500000| Untracked 
| 212|0x00000000ac600000, 0x00000000ac600000, 0x00000000ac700000|  0%| F|  |TAMS 0x00000000ac600000, 0x00000000ac600000| Untracked 
| 213|0x00000000ac700000, 0x00000000ac700000, 0x00000000ac800000|  0%| F|  |TAMS 0x00000000ac700000, 0x00000000ac700000| Untracked 
| 214|0x00000000ac800000, 0x00000000ac800000, 0x00000000ac900000|  0%| F|  |TAMS 0x00000000ac800000, 0x00000000ac800000| Untracked 
| 215|0x00000000ac900000, 0x00000000ac900000, 0x00000000aca00000|  0%| F|  |TAMS 0x00000000ac900000, 0x00000000ac900000| Untracked 
| 216|0x00000000aca00000, 0x00000000aca00000, 0x00000000acb00000|  0%| F|  |TAMS 0x00000000aca00000, 0x00000000aca00000| Untracked 
| 217|0x00000000acb00000, 0x00000000acb00000, 0x00000000acc00000|  0%| F|  |TAMS 0x00000000acb00000, 0x00000000acb00000| Untracked 
| 218|0x00000000acc00000, 0x00000000acc00000, 0x00000000acd00000|  0%| F|  |TAMS 0x00000000acc00000, 0x00000000acc00000| Untracked 
| 219|0x00000000acd00000, 0x00000000acd00000, 0x00000000ace00000|  0%| F|  |TAMS 0x00000000acd00000, 0x00000000acd00000| Untracked 
| 220|0x00000000ace00000, 0x00000000ace00000, 0x00000000acf00000|  0%| F|  |TAMS 0x00000000ace00000, 0x00000000ace00000| Untracked 
| 221|0x00000000acf00000, 0x00000000acf00000, 0x00000000ad000000|  0%| F|  |TAMS 0x00000000acf00000, 0x00000000acf00000| Untracked 
| 222|0x00000000ad000000, 0x00000000ad000000, 0x00000000ad100000|  0%| F|  |TAMS 0x00000000ad000000, 0x00000000ad000000| Untracked 
| 223|0x00000000ad100000, 0x00000000ad100000, 0x00000000ad200000|  0%| F|  |TAMS 0x00000000ad100000, 0x00000000ad100000| Untracked 
| 224|0x00000000ad200000, 0x00000000ad200000, 0x00000000ad300000|  0%| F|  |TAMS 0x00000000ad200000, 0x00000000ad200000| Untracked 
| 225|0x00000000ad300000, 0x00000000ad300000, 0x00000000ad400000|  0%| F|  |TAMS 0x00000000ad300000, 0x00000000ad300000| Untracked 
| 226|0x00000000ad400000, 0x00000000ad400000, 0x00000000ad500000|  0%| F|  |TAMS 0x00000000ad400000, 0x00000000ad400000| Untracked 
| 227|0x00000000ad500000, 0x00000000ad500000, 0x00000000ad600000|  0%| F|  |TAMS 0x00000000ad500000, 0x00000000ad500000| Untracked 
| 228|0x00000000ad600000, 0x00000000ad600000, 0x00000000ad700000|  0%| F|  |TAMS 0x00000000ad600000, 0x00000000ad600000| Untracked 
| 229|0x00000000ad700000, 0x00000000ad700000, 0x00000000ad800000|  0%| F|  |TAMS 0x00000000ad700000, 0x00000000ad700000| Untracked 
| 230|0x00000000ad800000, 0x00000000ad800000, 0x00000000ad900000|  0%| F|  |TAMS 0x00000000ad800000, 0x00000000ad800000| Untracked 
| 231|0x00000000ad900000, 0x00000000ad900000, 0x00000000ada00000|  0%| F|  |TAMS 0x00000000ad900000, 0x00000000ad900000| Untracked 
| 232|0x00000000ada00000, 0x00000000ada00000, 0x00000000adb00000|  0%| F|  |TAMS 0x00000000ada00000, 0x00000000ada00000| Untracked 
| 233|0x00000000adb00000, 0x00000000adb00000, 0x00000000adc00000|  0%| F|  |TAMS 0x00000000adb00000, 0x00000000adb00000| Untracked 
| 234|0x00000000adc00000, 0x00000000adc00000, 0x00000000add00000|  0%| F|  |TAMS 0x00000000adc00000, 0x00000000adc00000| Untracked 
| 235|0x00000000add00000, 0x00000000add00000, 0x00000000ade00000|  0%| F|  |TAMS 0x00000000add00000, 0x00000000add00000| Untracked 
| 236|0x00000000ade00000, 0x00000000ade00000, 0x00000000adf00000|  0%| F|  |TAMS 0x00000000ade00000, 0x00000000ade00000| Untracked 
| 237|0x00000000adf00000, 0x00000000adf00000, 0x00000000ae000000|  0%| F|  |TAMS 0x00000000adf00000, 0x00000000adf00000| Untracked 
| 238|0x00000000ae000000, 0x00000000ae000000, 0x00000000ae100000|  0%| F|  |TAMS 0x00000000ae000000, 0x00000000ae000000| Untracked 
| 239|0x00000000ae100000, 0x00000000ae100000, 0x00000000ae200000|  0%| F|  |TAMS 0x00000000ae100000, 0x00000000ae100000| Untracked 
| 240|0x00000000ae200000, 0x00000000ae200000, 0x00000000ae300000|  0%| F|  |TAMS 0x00000000ae200000, 0x00000000ae200000| Untracked 
| 241|0x00000000ae300000, 0x00000000ae300000, 0x00000000ae400000|  0%| F|  |TAMS 0x00000000ae300000, 0x00000000ae300000| Untracked 
| 242|0x00000000ae400000, 0x00000000ae400000, 0x00000000ae500000|  0%| F|  |TAMS 0x00000000ae400000, 0x00000000ae400000| Untracked 
| 243|0x00000000ae500000, 0x00000000ae500000, 0x00000000ae600000|  0%| F|  |TAMS 0x00000000ae500000, 0x00000000ae500000| Untracked 
| 244|0x00000000ae600000, 0x00000000ae600000, 0x00000000ae700000|  0%| F|  |TAMS 0x00000000ae600000, 0x00000000ae600000| Untracked 
| 245|0x00000000ae700000, 0x00000000ae700000, 0x00000000ae800000|  0%| F|  |TAMS 0x00000000ae700000, 0x00000000ae700000| Untracked 
| 246|0x00000000ae800000, 0x00000000ae800000, 0x00000000ae900000|  0%| F|  |TAMS 0x00000000ae800000, 0x00000000ae800000| Untracked 
| 247|0x00000000ae900000, 0x00000000ae900000, 0x00000000aea00000|  0%| F|  |TAMS 0x00000000ae900000, 0x00000000ae900000| Untracked 
| 248|0x00000000aea00000, 0x00000000aea00000, 0x00000000aeb00000|  0%| F|  |TAMS 0x00000000aea00000, 0x00000000aea00000| Untracked 
| 249|0x00000000aeb00000, 0x00000000aeb85b18, 0x00000000aec00000| 52%| E|  |TAMS 0x00000000aeb00000, 0x00000000aeb00000| Complete 
| 250|0x00000000aec00000, 0x00000000aed00000, 0x00000000aed00000|100%| E|CS|TAMS 0x00000000aec00000, 0x00000000aec00000| Complete 
| 251|0x00000000aed00000, 0x00000000aee00000, 0x00000000aee00000|100%| E|CS|TAMS 0x00000000aed00000, 0x00000000aed00000| Complete 
| 252|0x00000000aee00000, 0x00000000aef00000, 0x00000000aef00000|100%| E|  |TAMS 0x00000000aee00000, 0x00000000aee00000| Complete 
| 253|0x00000000aef00000, 0x00000000af000000, 0x00000000af000000|100%| E|CS|TAMS 0x00000000aef00000, 0x00000000aef00000| Complete 
| 254|0x00000000af000000, 0x00000000af100000, 0x00000000af100000|100%| E|CS|TAMS 0x00000000af000000, 0x00000000af000000| Complete 
| 255|0x00000000af100000, 0x00000000af200000, 0x00000000af200000|100%| E|CS|TAMS 0x00000000af100000, 0x00000000af100000| Complete 
|1548|0x00000000ffe00000, 0x00000000ffe52000, 0x00000000fff00000| 32%|OA|  |TAMS 0x00000000ffe00000, 0x00000000ffe00000| Untracked 
|1549|0x00000000fff00000, 0x00000000fff7f000, 0x0000000100000000| 49%|CA|  |TAMS 0x00000000fff00000, 0x00000000fff00000| Untracked 

Card table byte_map: [0x00007fa7183ce000,0x00007fa7186d5000] _byte_map_base: 0x00007fa717ed5000

Marking Bits (Prev, Next): (CMBitMap*) 0x00007fa730063f28, (CMBitMap*) 0x00007fa730063f68
 Prev Bits: [0x00007fa71688f000, 0x00007fa7180c7000)
 Next Bits: [0x00007fa715057000, 0x00007fa71688f000)

Polling page: 0x00007fa737088000

Metaspace:

Usage:
  Non-class:      4.49 MB capacity,     1.49 MB ( 33%) used,     3.00 MB ( 67%) free+waste,     3.75 KB ( <1%) overhead. 
      Class:    485.00 KB capacity,   189.04 KB ( 39%) used,   293.71 KB ( 61%) free+waste,     2.25 KB ( <1%) overhead. 
       Both:      4.96 MB capacity,     1.67 MB ( 34%) used,     3.29 MB ( 66%) free+waste,     6.00 KB ( <1%) overhead. 

Virtual space:
  Non-class space:        8.00 MB reserved,       4.75 MB ( 59%) committed 
      Class space:        1.00 GB reserved,     640.00 KB ( <1%) committed 
             Both:        1.01 GB reserved,       5.38 MB ( <1%) committed 

Chunk freelists:
   Non-Class:  21.00 KB
       Class:  31.00 KB
        Both:  52.00 KB

MaxMetaspaceSize: unlimited
CompressedClassSpaceSize: 1.00 GB

CodeHeap 'non-profiled nmethods': size=120032Kb used=114Kb max_used=114Kb free=119917Kb
 bounds [0x00007fa72019d000, 0x00007fa72040d000, 0x00007fa7276d5000]
CodeHeap 'profiled nmethods': size=120028Kb used=549Kb max_used=549Kb free=119478Kb
 bounds [0x00007fa718c66000, 0x00007fa718ed6000, 0x00007fa72019d000]
CodeHeap 'non-nmethods': size=5700Kb used=1143Kb max_used=1157Kb free=4556Kb
 bounds [0x00007fa7186d5000, 0x00007fa718945000, 0x00007fa718c66000]
 total_blobs=775 nmethods=378 adapters=311
 compilation: enabled
              stopped_count=0, restarted_count=0
 full_count=0

Compilation events (20 events):
Event: 0.481 Thread 0x00007fa730197000 nmethod 365 0x00007fa718cead90 code [0x00007fa718ceaf40, 0x00007fa718ceb260]
Event: 0.481 Thread 0x00007fa730195000 nmethod 368% 0x00007fa7201b8e90 code [0x00007fa7201b9040, 0x00007fa7201b92d8]
Event: 0.483 Thread 0x00007fa730197000  369       3       java.lang.StringConcatHelper::mix (27 bytes)
Event: 0.483 Thread 0x00007fa730197000 nmethod 369 0x00007fa718ceb410 code [0x00007fa718ceb5e0, 0x00007fa718ceb9e0]
Event: 0.483 Thread 0x00007fa730197000  370       3       java.lang.StringConcatHelper::checkOverflow (17 bytes)
Event: 0.483 Thread 0x00007fa730197000 nmethod 370 0x00007fa718cebb90 code [0x00007fa718cebd40, 0x00007fa718cebf20]
Event: 0.483 Thread 0x00007fa730197000  372       3       java.lang.StringCoding::encodeUTF8 (132 bytes)
Event: 0.484 Thread 0x00007fa730197000 nmethod 372 0x00007fa718cec010 code [0x00007fa718cec240, 0x00007fa718cecb70]
Event: 0.484 Thread 0x00007fa730197000  371       3       java.lang.StringConcatHelper::prepend (37 bytes)
Event: 0.484 Thread 0x00007fa730197000 nmethod 371 0x00007fa718cece90 code [0x00007fa718ced060, 0x00007fa718ced310]
Event: 0.484 Thread 0x00007fa730197000  373       3       java.lang.Integer::stringSize (47 bytes)
Event: 0.484 Thread 0x00007fa730197000 nmethod 373 0x00007fa718ced490 code [0x00007fa718ced620, 0x00007fa718ced850]
Event: 0.485 Thread 0x00007fa730197000  374       3       java.lang.Integer::getChars (131 bytes)
Event: 0.485 Thread 0x00007fa730197000 nmethod 374 0x00007fa718ced910 code [0x00007fa718cedae0, 0x00007fa718cedf10]
Event: 0.488 Thread 0x00007fa730197000  375       1       jdk.internal.loader.URLClassPath$Loader::getBaseURL (5 bytes)
Event: 0.488 Thread 0x00007fa730197000 nmethod 375 0x00007fa7201b9410 code [0x00007fa7201b95a0, 0x00007fa7201b9670]
Event: 0.488 Thread 0x00007fa730197000  376       3       java.lang.StringLatin1::toLowerCase (186 bytes)
Event: 0.489 Thread 0x00007fa730197000 nmethod 376 0x00007fa718cee190 code [0x00007fa718cee3e0, 0x00007fa718ceeeb0]
Event: 0.489 Thread 0x00007fa730197000  377       3       java.nio.Buffer::hasRemaining (17 bytes)
Event: 0.489 Thread 0x00007fa730197000 nmethod 377 0x00007fa718cef290 code [0x00007fa718cef420, 0x00007fa718cef590]

GC Heap History (0 events):
No events

Deoptimization events (4 events):
Event: 0.474 Thread 0x00007fa73002a800 DEOPT PACKING pc=0x00007fa718cb8c04 sp=0x00007fa73706cee0
Event: 0.474 Thread 0x00007fa73002a800 DEOPT UNPACKING pc=0x00007fa71871e33a sp=0x00007fa73706c370 mode 0
Event: 0.483 Thread 0x00007fa73002a800 DEOPT PACKING pc=0x00007fa718cdf4a2 sp=0x00007fa737070070
Event: 0.483 Thread 0x00007fa73002a800 DEOPT UNPACKING pc=0x00007fa71871e33a sp=0x00007fa73706f4f8 mode 0

Classes unloaded (0 events):
No events

Classes redefined (0 events):
No events

Internal exceptions (1 events):
Event: 0.284 Thread 0x00007fa73002a800 Exception <a 'java/lang/NoSuchMethodError'{0x00000000af085df8}: 'java.lang.Object java.lang.invoke.DirectMethodHandle$Holder.invokeStaticInit(java.lang.Object, java.lang.Object, java.lang.Object)'> (0x00000000af085df8) 
thrown [open/src/hotspot/share/interpreter/linkResolver.cpp, line 766]

Events (20 events):
Event: 0.418 loading class java/io/ByteArrayOutputStream
Event: 0.418 loading class java/io/ByteArrayOutputStream done
Event: 0.419 loading class java/io/FileNotFoundException
Event: 0.419 loading class java/io/FileNotFoundException done
Event: 0.419 loading class java/security/PrivilegedActionException
Event: 0.419 loading class java/security/PrivilegedActionException done
Event: 0.457 loading class java/io/BufferedReader
Event: 0.457 loading class java/io/Reader
Event: 0.457 loading class java/io/Reader done
Event: 0.457 loading class java/io/BufferedReader done
Event: 0.457 loading class java/io/InputStreamReader
Event: 0.457 loading class java/io/InputStreamReader done
Event: 0.457 loading class sun/nio/cs/StreamDecoder
Event: 0.458 loading class sun/nio/cs/StreamDecoder done
Event: 0.458 loading class sun/nio/cs/UTF_8$Decoder
Event: 0.458 loading class java/nio/charset/CharsetDecoder
Event: 0.458 loading class java/nio/charset/CharsetDecoder done
Event: 0.458 loading class sun/nio/cs/UTF_8$Decoder done
Event: 0.501 loading class java/nio/charset/CharacterCodingException
Event: 0.501 loading class java/nio/charset/CharacterCodingException done


Dynamic libraries:
9f200000-af200000 rw-p 00000000 00:00 0 
af200000-ffe00000 ---p 00000000 00:00 0 
ffe00000-ffe52000 rw-p 00bbc000 fe:01 3682789                            /usr/java/openjdk-14/lib/server/classes.jsa
ffe52000-fff00000 rw-p 00000000 00:00 0 
fff00000-fff7f000 rw-p 00b3d000 fe:01 3682789                            /usr/java/openjdk-14/lib/server/classes.jsa
fff7f000-100000000 rw-p 00000000 00:00 0 
800000000-800003000 rwxp 00001000 fe:01 3682789                          /usr/java/openjdk-14/lib/server/classes.jsa
800003000-8003e3000 rw-p 00004000 fe:01 3682789                          /usr/java/openjdk-14/lib/server/classes.jsa
8003e3000-800b0e000 r--p 003e4000 fe:01 3682789                          /usr/java/openjdk-14/lib/server/classes.jsa
800b0e000-800b0f000 rw-p 00b0f000 fe:01 3682789                          /usr/java/openjdk-14/lib/server/classes.jsa
800b0f000-800baf000 rw-p 00000000 00:00 0 
800baf000-840b0f000 ---p 00000000 00:00 0 
55e404fa2000-55e404fa3000 r-xp 00000000 fe:01 3557169                    /usr/java/openjdk-14/bin/java
55e404fa4000-55e404fa5000 r--p 00001000 fe:01 3557169                    /usr/java/openjdk-14/bin/java
55e404fa5000-55e404fa6000 rw-p 00002000 fe:01 3557169                    /usr/java/openjdk-14/bin/java
55e406f67000-55e406f88000 rw-p 00000000 00:00 0                          [heap]
7fa6c8000000-7fa6c8021000 rw-p 00000000 00:00 0 
7fa6c8021000-7fa6cc000000 ---p 00000000 00:00 0 
7fa6cc000000-7fa6cc021000 rw-p 00000000 00:00 0 
7fa6cc021000-7fa6d0000000 ---p 00000000 00:00 0 
7fa6d0000000-7fa6d0021000 rw-p 00000000 00:00 0 
7fa6d0021000-7fa6d4000000 ---p 00000000 00:00 0 
7fa6d4000000-7fa6d4021000 rw-p 00000000 00:00 0 
7fa6d4021000-7fa6d8000000 ---p 00000000 00:00 0 
7fa6d8000000-7fa6d8021000 rw-p 00000000 00:00 0 
7fa6d8021000-7fa6dc000000 ---p 00000000 00:00 0 
7fa6dc000000-7fa6dc021000 rw-p 00000000 00:00 0 
7fa6dc021000-7fa6e0000000 ---p 00000000 00:00 0 
7fa6e0000000-7fa6e021f000 rw-p 00000000 00:00 0 
7fa6e021f000-7fa6e4000000 ---p 00000000 00:00 0 
7fa6e4000000-7fa6e40a4000 rw-p 00000000 00:00 0 
7fa6e40a4000-7fa6e8000000 ---p 00000000 00:00 0 
7fa6e8000000-7fa6e8021000 rw-p 00000000 00:00 0 
7fa6e8021000-7fa6ec000000 ---p 00000000 00:00 0 
7fa6ec000000-7fa6ec021000 rw-p 00000000 00:00 0 
7fa6ec021000-7fa6f0000000 ---p 00000000 00:00 0 
7fa6f0000000-7fa6f0021000 rw-p 00000000 00:00 0 
7fa6f0021000-7fa6f4000000 ---p 00000000 00:00 0 
7fa6f4000000-7fa6f4021000 rw-p 00000000 00:00 0 
7fa6f4021000-7fa6f8000000 ---p 00000000 00:00 0 
7fa6f8000000-7fa6f8021000 rw-p 00000000 00:00 0 
7fa6f8021000-7fa6fc000000 ---p 00000000 00:00 0 
7fa6fc000000-7fa6fc021000 rw-p 00000000 00:00 0 
7fa6fc021000-7fa700000000 ---p 00000000 00:00 0 
7fa700000000-7fa700021000 rw-p 00000000 00:00 0 
7fa700021000-7fa704000000 ---p 00000000 00:00 0 
7fa704f74000-7fa7052f1000 rw-p 00000000 00:00 0 
7fa7052f1000-7fa7052f5000 ---p 00000000 00:00 0 
7fa7052f5000-7fa7053f2000 rw-p 00000000 00:00 0 
7fa7053f2000-7fa7053f6000 ---p 00000000 00:00 0 
7fa7053f6000-7fa7054f3000 rw-p 00000000 00:00 0 
7fa7054f3000-7fa7054f7000 ---p 00000000 00:00 0 
7fa7054f7000-7fa7055f4000 rw-p 00000000 00:00 0 
7fa7055f4000-7fa7055f5000 ---p 00000000 00:00 0 
7fa7055f5000-7fa7056f6000 rw-p 00000000 00:00 0 
7fa7056f6000-7fa7056fa000 ---p 00000000 00:00 0 
7fa7056fa000-7fa7057f7000 rw-p 00000000 00:00 0 
7fa7057f7000-7fa7057fb000 ---p 00000000 00:00 0 
7fa7057fb000-7fa7058f8000 rw-p 00000000 00:00 0 
7fa7058f8000-7fa7058fc000 ---p 00000000 00:00 0 
7fa7058fc000-7fa7059f9000 rw-p 00000000 00:00 0 
7fa7059f9000-7fa7059fd000 ---p 00000000 00:00 0 
7fa7059fd000-7fa705afa000 rw-p 00000000 00:00 0 
7fa705afa000-7fa705afe000 ---p 00000000 00:00 0 
7fa705afe000-7fa705bfb000 rw-p 00000000 00:00 0 
7fa705bfb000-7fa705bff000 ---p 00000000 00:00 0 
7fa705bff000-7fa705cfc000 rw-p 00000000 00:00 0 
7fa705cfc000-7fa705d00000 ---p 00000000 00:00 0 
7fa705d00000-7fa705dfd000 rw-p 00000000 00:00 0 
7fa705dfd000-7fa705e01000 ---p 00000000 00:00 0 
7fa705e01000-7fa705efe000 rw-p 00000000 00:00 0 
7fa705efe000-7fa705eff000 ---p 00000000 00:00 0 
7fa705eff000-7fa708000000 rw-p 00000000 00:00 0 
7fa708000000-7fa708021000 rw-p 00000000 00:00 0 
7fa708021000-7fa70c000000 ---p 00000000 00:00 0 
7fa70c000000-7fa70c021000 rw-p 00000000 00:00 0 
7fa70c021000-7fa710000000 ---p 00000000 00:00 0 
7fa710000000-7fa710021000 rw-p 00000000 00:00 0 
7fa710021000-7fa714000000 ---p 00000000 00:00 0 
7fa714019000-7fa714026000 r-xp 00000000 fe:01 3557382                    /usr/java/openjdk-14/lib/libverify.so
7fa714026000-7fa714028000 r--p 0000c000 fe:01 3557382                    /usr/java/openjdk-14/lib/libverify.so
7fa714028000-7fa714029000 rw-p 0000e000 fe:01 3557382                    /usr/java/openjdk-14/lib/libverify.so
7fa714029000-7fa71405a000 rw-p 00000000 00:00 0 
7fa71405a000-7fa71406f000 r-xp 00000000 fe:01 3557374                    /usr/java/openjdk-14/lib/libnet.so
7fa71406f000-7fa714070000 r--p 00014000 fe:01 3557374                    /usr/java/openjdk-14/lib/libnet.so
7fa714070000-7fa714071000 rw-p 00015000 fe:01 3557374                    /usr/java/openjdk-14/lib/libnet.so
7fa714071000-7fa71460d000 rw-p 00000000 00:00 0 
7fa71460d000-7fa71494d000 ---p 00000000 00:00 0 
7fa71494d000-7fa71494e000 ---p 00000000 00:00 0 
7fa71494e000-7fa714a4f000 rw-p 00000000 00:00 0 
7fa714a4f000-7fa714a50000 ---p 00000000 00:00 0 
7fa714a50000-7fa714f55000 rw-p 00000000 00:00 0 
7fa714f55000-7fa714f56000 ---p 00000000 00:00 0 
7fa714f56000-7fa715457000 rw-p 00000000 00:00 0 
7fa715457000-7fa716887000 ---p 00000000 00:00 0 
7fa716887000-7fa716c8f000 rw-p 00000000 00:00 0 
7fa716c8f000-7fa7180bf000 ---p 00000000 00:00 0 
7fa7180bf000-7fa718147000 rw-p 00000000 00:00 0 
7fa718147000-7fa7183cd000 ---p 00000000 00:00 0 
7fa7183cd000-7fa71844e000 rw-p 00000000 00:00 0 
7fa71844e000-7fa7186d4000 ---p 00000000 00:00 0 
7fa7186d4000-7fa7186d5000 rw-p 00000000 00:00 0 
7fa7186d5000-7fa718945000 rwxp 00000000 00:00 0 
7fa718945000-7fa718c66000 ---p 00000000 00:00 0 
7fa718c66000-7fa718ed6000 rwxp 00000000 00:00 0 
7fa718ed6000-7fa72019d000 ---p 00000000 00:00 0 
7fa72019d000-7fa72040d000 rwxp 00000000 00:00 0 
7fa72040d000-7fa7276d5000 ---p 00000000 00:00 0 
7fa7276d5000-7fa730000000 r--s 00000000 fe:01 3557384                    /usr/java/openjdk-14/lib/modules
7fa730000000-7fa730550000 rw-p 00000000 00:00 0 
7fa730550000-7fa734000000 ---p 00000000 00:00 0 
7fa734008000-7fa734019000 r-xp 00000000 fe:01 3557375                    /usr/java/openjdk-14/lib/libnio.so
7fa734019000-7fa73401a000 ---p 00011000 fe:01 3557375                    /usr/java/openjdk-14/lib/libnio.so
7fa73401a000-7fa73401b000 r--p 00011000 fe:01 3557375                    /usr/java/openjdk-14/lib/libnio.so
7fa73401b000-7fa73401c000 rw-p 00012000 fe:01 3557375                    /usr/java/openjdk-14/lib/libnio.so
7fa73401c000-7fa734036000 r--p 00000000 fe:01 680254                     /usr/lib/locale/locale-archive
7fa734036000-7fa734077000 rw-p 00000000 00:00 0 
7fa734077000-7fa734078000 ---p 00000000 00:00 0 
7fa734078000-7fa734179000 rw-p 00000000 00:00 0 
7fa734179000-7fa73417a000 ---p 00000000 00:00 0 
7fa73417a000-7fa7342fb000 rw-p 00000000 00:00 0 
7fa7342fb000-7fa734581000 ---p 00000000 00:00 0 
7fa734581000-7fa73498b000 rw-p 00000000 00:00 0 
7fa73498b000-7fa734a71000 ---p 00000000 00:00 0 
7fa734a71000-7fa734a76000 rw-p 00000000 00:00 0 
7fa734a76000-7fa734b5c000 ---p 00000000 00:00 0 
7fa734b5c000-7fa734b67000 r-xp 00000000 fe:01 288887                     /usr/lib64/libnss_files-2.28.so
7fa734b67000-7fa734d66000 ---p 0000b000 fe:01 288887                     /usr/lib64/libnss_files-2.28.so
7fa734d66000-7fa734d67000 r--p 0000a000 fe:01 288887                     /usr/lib64/libnss_files-2.28.so
7fa734d67000-7fa734d68000 rw-p 0000b000 fe:01 288887                     /usr/lib64/libnss_files-2.28.so
7fa734d68000-7fa734d6e000 rw-p 00000000 00:00 0 
7fa734d6e000-7fa734d75000 r-xp 00000000 fe:01 288927                     /usr/lib64/librt-2.28.so
7fa734d75000-7fa734f75000 ---p 00007000 fe:01 288927                     /usr/lib64/librt-2.28.so
7fa734f75000-7fa734f76000 r--p 00007000 fe:01 288927                     /usr/lib64/librt-2.28.so
7fa734f76000-7fa734f77000 rw-p 00008000 fe:01 288927                     /usr/lib64/librt-2.28.so
7fa734f77000-7fa7350f8000 r-xp 00000000 fe:01 288854                     /usr/lib64/libm-2.28.so
7fa7350f8000-7fa7352f7000 ---p 00181000 fe:01 288854                     /usr/lib64/libm-2.28.so
7fa7352f7000-7fa7352f8000 r--p 00180000 fe:01 288854                     /usr/lib64/libm-2.28.so
7fa7352f8000-7fa7352f9000 rw-p 00181000 fe:01 288854                     /usr/lib64/libm-2.28.so
7fa7352f9000-7fa736308000 r-xp 00000000 fe:01 3682791                    /usr/java/openjdk-14/lib/server/libjvm.so
7fa736308000-7fa736309000 ---p 0100f000 fe:01 3682791                    /usr/java/openjdk-14/lib/server/libjvm.so
7fa736309000-7fa7363ad000 r--p 0100f000 fe:01 3682791                    /usr/java/openjdk-14/lib/server/libjvm.so
7fa7363ad000-7fa7363e5000 rw-p 010b3000 fe:01 3682791                    /usr/java/openjdk-14/lib/server/libjvm.so
7fa7363e5000-7fa736466000 rw-p 00000000 00:00 0 
7fa736466000-7fa73661f000 r-xp 00000000 fe:01 288760                     /usr/lib64/libc-2.28.so
7fa73661f000-7fa73681e000 ---p 001b9000 fe:01 288760                     /usr/lib64/libc-2.28.so
7fa73681e000-7fa736822000 r--p 001b8000 fe:01 288760                     /usr/lib64/libc-2.28.so
7fa736822000-7fa736824000 rw-p 001bc000 fe:01 288760                     /usr/lib64/libc-2.28.so
7fa736824000-7fa736828000 rw-p 00000000 00:00 0 
7fa736828000-7fa73682b000 r-xp 00000000 fe:01 288776                     /usr/lib64/libdl-2.28.so
7fa73682b000-7fa736a2a000 ---p 00003000 fe:01 288776                     /usr/lib64/libdl-2.28.so
7fa736a2a000-7fa736a2b000 r--p 00002000 fe:01 288776                     /usr/lib64/libdl-2.28.so
7fa736a2b000-7fa736a2c000 rw-p 00003000 fe:01 288776                     /usr/lib64/libdl-2.28.so
7fa736a2c000-7fa736a47000 r-xp 00000000 fe:01 288914                     /usr/lib64/libpthread-2.28.so
7fa736a47000-7fa736c46000 ---p 0001b000 fe:01 288914                     /usr/lib64/libpthread-2.28.so
7fa736c46000-7fa736c47000 r--p 0001a000 fe:01 288914                     /usr/lib64/libpthread-2.28.so
7fa736c47000-7fa736c48000 rw-p 0001b000 fe:01 288914                     /usr/lib64/libpthread-2.28.so
7fa736c48000-7fa736c4c000 rw-p 00000000 00:00 0 
7fa736c4c000-7fa736c62000 r-xp 00000000 fe:01 288980                     /usr/lib64/libz.so.1.2.11
7fa736c62000-7fa736e61000 ---p 00016000 fe:01 288980                     /usr/lib64/libz.so.1.2.11
7fa736e61000-7fa736e62000 r--p 00015000 fe:01 288980                     /usr/lib64/libz.so.1.2.11
7fa736e62000-7fa736e63000 rw-p 00000000 00:00 0 
7fa736e63000-7fa736e8c000 r-xp 00000000 fe:01 288731                     /usr/lib64/ld-2.28.so
7fa736e8d000-7fa736e92000 r-xp 00000000 fe:01 3557372                    /usr/java/openjdk-14/lib/libmanagement_ext.so
7fa736e92000-7fa736e93000 r--p 00004000 fe:01 3557372                    /usr/java/openjdk-14/lib/libmanagement_ext.so
7fa736e93000-7fa736e94000 rw-p 00005000 fe:01 3557372                    /usr/java/openjdk-14/lib/libmanagement_ext.so
7fa736e94000-7fa736e98000 r-xp 00000000 fe:01 3557370                    /usr/java/openjdk-14/lib/libmanagement.so
7fa736e98000-7fa736e99000 r--p 00003000 fe:01 3557370                    /usr/java/openjdk-14/lib/libmanagement.so
7fa736e99000-7fa736e9a000 rw-p 00004000 fe:01 3557370                    /usr/java/openjdk-14/lib/libmanagement.so
7fa736e9a000-7fa736f15000 rw-p 00000000 00:00 0 
7fa736f15000-7fa736f1c000 ---p 00000000 00:00 0 
7fa736f1c000-7fa736f23000 r-xp 00000000 fe:01 3557383                    /usr/java/openjdk-14/lib/libzip.so
7fa736f23000-7fa736f24000 r--p 00006000 fe:01 3557383                    /usr/java/openjdk-14/lib/libzip.so
7fa736f24000-7fa736f25000 rw-p 00007000 fe:01 3557383                    /usr/java/openjdk-14/lib/libzip.so
7fa736f25000-7fa736f49000 r-xp 00000000 fe:01 3557361                    /usr/java/openjdk-14/lib/libjava.so
7fa736f49000-7fa736f4a000 r--p 00023000 fe:01 3557361                    /usr/java/openjdk-14/lib/libjava.so
7fa736f4a000-7fa736f4c000 rw-p 00024000 fe:01 3557361                    /usr/java/openjdk-14/lib/libjava.so
7fa736f4c000-7fa736f54000 rw-s 00000000 00:53 0                          /tmp/hsperfdata_root/130 (deleted)
7fa736f54000-7fa736f6f000 r-xp 00000000 fe:01 3557365                    /usr/java/openjdk-14/lib/libjimage.so
7fa736f6f000-7fa736f71000 r--p 0001a000 fe:01 3557365                    /usr/java/openjdk-14/lib/libjimage.so
7fa736f71000-7fa736f72000 rw-p 0001c000 fe:01 3557365                    /usr/java/openjdk-14/lib/libjimage.so
7fa736f72000-7fa736f76000 ---p 00000000 00:00 0 
7fa736f76000-7fa737075000 rw-p 00000000 00:00 0 
7fa737075000-7fa737083000 r-xp 00000000 fe:01 3557366                    /usr/java/openjdk-14/lib/libjli.so
7fa737083000-7fa737084000 ---p 0000e000 fe:01 3557366                    /usr/java/openjdk-14/lib/libjli.so
7fa737084000-7fa737085000 r--p 0000e000 fe:01 3557366                    /usr/java/openjdk-14/lib/libjli.so
7fa737085000-7fa737086000 rw-p 0000f000 fe:01 3557366                    /usr/java/openjdk-14/lib/libjli.so
7fa737086000-7fa737088000 rw-p 00000000 00:00 0 
7fa737088000-7fa737089000 ---p 00000000 00:00 0 
7fa737089000-7fa73708a000 r--p 00000000 00:00 0 
7fa73708a000-7fa73708b000 ---p 00000000 00:00 0 
7fa73708b000-7fa73708c000 r--p 00028000 fe:01 288731                     /usr/lib64/ld-2.28.so
7fa73708c000-7fa73708d000 rw-p 00029000 fe:01 288731                     /usr/lib64/ld-2.28.so
7fa73708d000-7fa73708e000 rw-p 00000000 00:00 0 
7ffcf8777000-7ffcf8799000 rw-p 00000000 00:00 0                          [stack]
7ffcf87da000-7ffcf87dd000 r--p 00000000 00:00 0                          [vvar]
7ffcf87dd000-7ffcf87df000 r-xp 00000000 00:00 0                          [vdso]
ffffffffff600000-ffffffffff601000 r-xp 00000000 00:00 0                  [vsyscall]


VM Arguments:
jvm_args: -Xms256m -Xmx1550m 
java_command: org.apache.maven.surefire.booter.ForkedBooter /tmp/languagetool-core/target/surefire 2020-08-30T09-40-13_091-jvmRun1 surefire15295888174992937194tmp surefire_04367976725209015638tmp
java_class_path (initial): /root/.m2/repository/org/apache/maven/surefire/surefire-booter/2.22.0/surefire-booter-2.22.0.jar:/root/.m2/repository/org/apache/maven/surefire/surefire-api/2.22.0/surefire-api-2.22.0.jar:/root/.m2/repository/org/apache/maven/surefire/surefire-logger-api/2.22.0/surefire-logger-api-2.22.0.jar:/tmp/languagetool-core/target/test-classes:/tmp/languagetool-core/target/classes:/root/.m2/repository/org/apache/commons/commons-lang3/3.9/commons-lang3-3.9.jar:/root/.m2/repository/org/apache/commons/commons-text/1.8/commons-text-1.8.jar:/root/.m2/repository/com/google/guava/guava/28.1-jre/guava-28.1-jre.jar:/root/.m2/repository/com/google/guava/failureaccess/1.0.1/failureaccess-1.0.1.jar:/root/.m2/repository/com/google/guava/listenablefuture/9999.0-empty-to-avoid-conflict-with-guava/listenablefuture-9999.0-empty-to-avoid-conflict-with-guava.jar:/root/.m2/repository/com/google/code/findbugs/jsr305/3.0.2/jsr305-3.0.2.jar:/root/.m2/repository/org/checkerframework/checker-qual/2.8.1/checker-qual-2.8.1.jar:/root/.m2/repository/com/google/errorprone/error_prone_annotations/2.3.2/error_prone_annotations-2.3.2.jar:/root/.m2/repository/com/google/j2objc/j2objc-annotations/1.3/j2objc-annotations-1.3.jar:/root/.m2/repository/org/codehaus/mojo/animal-sniffer-annotations/1.18/animal-sniffer-annotations-1.18.jar:/root/.m2/repository/org/carrot2/morfologik-fsa/2.1.7/morfologik-fsa-2.1.7.jar:/root/.m2/repository/org/carrot2/morfologik-fsa-builders/2.1.7/morfologik-fsa-builders-2.1.7.jar:/root/.m2/repository/org/carrot2/morfologik-speller/2.1.7/morfologik-speller-2.1.7.jar:/root/.m2/repository/org/carrot2/morfologik-stemming/2.1.7/morfologik-stemming-2.1.7.jar:/root/.m2/repository/com/carrotsearch/hppc/0.8.1/hppc-0.8.1.jar:/root/.m2/repository/net/loomchild/segment/2.0.1/segment-2.0.1.jar:/root/.m2/repository/com/hankcs/aho-corasick-double-array-trie/1.2.2/aho-corasick-double-array-trie-1.2.2.jar:/root/.m2/repository/com/optimaize/languagedetector/language-detector
Launcher Type: SUN_STANDARD

[Global flags]
     intx CICompilerCount                          = 3                                         {product} {ergonomic}
     uint ConcGCThreads                            = 1                                         {product} {ergonomic}
     uint G1ConcRefinementThreads                  = 4                                         {product} {ergonomic}
   size_t G1HeapRegionSize                         = 1048576                                   {product} {ergonomic}
    uintx GCDrainStackTargetSize                   = 64                                        {product} {ergonomic}
   size_t InitialHeapSize                          = 268435456                                 {product} {command line}
   size_t MarkStackSize                            = 4194304                                   {product} {ergonomic}
   size_t MaxHeapSize                              = 1625292800                                {product} {command line}
   size_t MaxNewSize                               = 975175680                                 {product} {ergonomic}
   size_t MinHeapDeltaBytes                        = 1048576                                   {product} {ergonomic}
   size_t MinHeapSize                              = 268435456                                 {product} {command line}
    uintx NonNMethodCodeHeapSize                   = 5832780                                {pd product} {ergonomic}
    uintx NonProfiledCodeHeapSize                  = 122912730                              {pd product} {ergonomic}
    uintx ProfiledCodeHeapSize                     = 122912730                              {pd product} {ergonomic}
    uintx ReservedCodeCacheSize                    = 251658240                              {pd product} {ergonomic}
     bool SegmentedCodeCache                       = true                                      {product} {ergonomic}
   size_t SoftMaxHeapSize                          = 1625292800                             {manageable} {ergonomic}
     bool UseCompressedClassPointers               = true                                 {lp64_product} {ergonomic}
     bool UseCompressedOops                        = true                                 {lp64_product} {ergonomic}
     bool UseG1GC                                  = true                                      {product} {ergonomic}

Logging:
Log output configuration:
 #0: stdout all=warning uptime,level,tags
 #1: stderr all=off uptime,level,tags

Environment Variables:
JAVA_HOME=/usr/java/openjdk-14
CLASSPATH=/root/.m2/repository/org/apache/maven/surefire/surefire-booter/2.22.0/surefire-booter-2.22.0.jar:/root/.m2/repository/org/apache/maven/surefire/surefire-api/2.22.0/surefire-api-2.22.0.jar:/root/.m2/repository/org/apache/maven/surefire/surefire-logger-api/2.22.0/surefire-logger-api-2.22.0.jar:/tmp/languagetool-core/target/test-classes:/tmp/languagetool-core/target/classes:/root/.m2/repository/org/apache/commons/commons-lang3/3.9/commons-lang3-3.9.jar:/root/.m2/repository/org/apache/commons/commons-text/1.8/commons-text-1.8.jar:/root/.m2/repository/com/google/guava/guava/28.1-jre/guava-28.1-jre.jar:/root/.m2/repository/com/google/guava/failureaccess/1.0.1/failureaccess-1.0.1.jar:/root/.m2/repository/com/google/guava/listenablefuture/9999.0-empty-to-avoid-conflict-with-guava/listenablefuture-9999.0-empty-to-avoid-conflict-with-guava.jar:/root/.m2/repository/com/google/code/findbugs/jsr305/3.0.2/jsr305-3.0.2.jar:/root/.m2/repository/org/checkerframework/checker-qual/2.8.1/checker-qual-2.8.1.jar:/root/.m2/repository/com/google/errorprone/error_prone_annotations/2.3.2/error_prone_annotations-2.3.2.jar:/root/.m2/repository/com/google/j2objc/j2objc-annotations/1.3/j2objc-annotations-1.3.jar:/root/.m2/repository/org/codehaus/mojo/animal-sniffer-annotations/1.18/animal-sniffer-annotations-1.18.jar:/root/.m2/repository/org/carrot2/morfologik-fsa/2.1.7/morfologik-fsa-2.1.7.jar:/root/.m2/repository/org/carrot2/morfologik-fsa-builders/2.1.7/morfologik-fsa-builders-2.1.7.jar:/root/.m2/repository/org/carrot2/morfologik-speller/2.1.7/morfologik-speller-2.1.7.jar:/root/.m2/repository/org/carrot2/morfologik-stemming/2.1.7/morfologik-stemming-2.1.7.jar:/root/.m2/repository/com/carrotsearch/hppc/0.8.1/hppc-0.8.1.jar:/root/.m2/repository/net/loomchild/segment/2.0.1/segment-2.0.1.jar:/root/.m2/repository/com/hankcs/aho-corasick-double-array-trie/1.2.2/aho-corasick-double-array-trie-1.2.2.jar:/root/.m2/repository/com/optimaize/languagedetector/language-detector/0.6/language-detector-0.6.
PATH=/usr/java/openjdk-14/bin:/usr/local/sbin:/usr/local/bin:/usr/sbin:/usr/bin:/sbin:/bin

Signal Handlers:
SIGSEGV: [libjvm.so+0xd30e60], sa_mask[0]=11111111011111111101111111111110, sa_flags=SA_RESTART|SA_SIGINFO
SIGBUS: [libjvm.so+0xd30e60], sa_mask[0]=11111111011111111101111111111110, sa_flags=SA_RESTART|SA_SIGINFO
SIGFPE: [libjvm.so+0xd30e60], sa_mask[0]=11111111011111111101111111111110, sa_flags=SA_RESTART|SA_SIGINFO
SIGPIPE: [libjvm.so+0xb1bca0], sa_mask[0]=11111111011111111101111111111110, sa_flags=SA_RESTART|SA_SIGINFO
SIGXFSZ: [libjvm.so+0xb1bca0], sa_mask[0]=11111111011111111101111111111110, sa_flags=SA_RESTART|SA_SIGINFO
SIGILL: [libjvm.so+0xd30e60], sa_mask[0]=11111111011111111101111111111110, sa_flags=SA_RESTART|SA_SIGINFO
SIGUSR2: [libjvm.so+0xb1bb30], sa_mask[0]=00100000000000000000000000000000, sa_flags=SA_RESTART|SA_SIGINFO
SIGHUP: [libjvm.so+0xb1c2a0], sa_mask[0]=11111111011111111101111111111110, sa_flags=SA_RESTART|SA_SIGINFO
SIGINT: [libjvm.so+0xb1c2a0], sa_mask[0]=11111111011111111101111111111110, sa_flags=SA_RESTART|SA_SIGINFO
SIGTERM: [libjvm.so+0xb1c2a0], sa_mask[0]=11111111011111111101111111111110, sa_flags=SA_RESTART|SA_SIGINFO
SIGQUIT: [libjvm.so+0xb1c2a0], sa_mask[0]=11111111011111111101111111111110, sa_flags=SA_RESTART|SA_SIGINFO


---------------  S Y S T E M  ---------------

OS:Oracle Linux Server release 8.2
uname:Linux 4.19.76-linuxkit #1 SMP Tue May 26 11:42:35 UTC 2020 x86_64
OS uptime: 0 days 9:00 hours
libc:glibc 2.28 NPTL 2.28 
rlimit: STACK 8192k, CORE 0k, NPROC infinity, NOFILE 1048576, AS infinity, DATA infinity, FSIZE infinity
load average:0.92 0.56 0.25

/proc/meminfo:
MemTotal:        2038904 kB
MemFree:           71052 kB
MemAvailable:    1144724 kB
Buffers:          107408 kB
Cached:          1036076 kB
SwapCached:            0 kB
Active:           937436 kB
Inactive:         894284 kB
Active(anon):     641608 kB
Inactive(anon):    23832 kB
Active(file):     295828 kB
Inactive(file):   870452 kB
Unevictable:           0 kB
Mlocked:               0 kB
SwapTotal:       1048572 kB
SwapFree:        1048572 kB
Dirty:               540 kB
Writeback:             0 kB
AnonPages:        687760 kB
Mapped:           190920 kB
Shmem:              1004 kB
Slab:             103456 kB
SReclaimable:      77776 kB
SUnreclaim:        25680 kB
KernelStack:        8256 kB
PageTables:         4036 kB
NFS_Unstable:          0 kB
Bounce:                0 kB
WritebackTmp:          0 kB
CommitLimit:     2068024 kB
Committed_AS:    3907424 kB
VmallocTotal:   34359738367 kB
VmallocUsed:           0 kB
VmallocChunk:          0 kB
Percpu:             4112 kB
AnonHugePages:      4096 kB
ShmemHugePages:        0 kB
ShmemPmdMapped:        0 kB
HugePages_Total:       0
HugePages_Free:        0
HugePages_Rsvd:        0
HugePages_Surp:        0
Hugepagesize:       2048 kB
Hugetlb:               0 kB
DirectMap4k:       52652 kB
DirectMap2M:     2043904 kB
DirectMap1G:           0 kB


/proc/sys/kernel/threads-max (system-wide limit on the number of threads):
15661


/proc/sys/vm/max_map_count (maximum number of memory map areas a process may have):
262144


/proc/sys/kernel/pid_max (system-wide limit on number of process identifiers):
99999



container (cgroup) information:
container_type: cgroupv1
cpu_cpuset_cpus: 0-3
cpu_memory_nodes: 0
active_processor_count: 4
cpu_quota: no quota
cpu_period: 100000
cpu_shares: no shares
memory_limit_in_bytes: unlimited
memory_and_swap_limit_in_bytes: unlimited
memory_soft_limit_in_bytes: unlimited
memory_usage_in_bytes: 547819520
memory_max_usage_in_bytes: 547819520

Steal ticks since vm start: 0
Steal ticks percentage since vm start:  0.000

CPU:total 4 (initial active 4) (1 cores per cpu, 1 threads per core) family 6 model 70 stepping 1, cmov, cx8, fxsr, mmx, sse, sse2, sse3, ssse3, sse4.1, sse4.2, popcnt, avx, avx2, aes, clmul, erms, lzcnt, tsc, tscinvbit, bmi1, bmi2, fma
CPU Model and flags from /proc/cpuinfo:
model name	: Intel(R) Core(TM) i7-4770HQ CPU @ 2.20GHz
flags		: fpu vme de pse tsc msr pae mce cx8 apic sep mtrr pge mca cmov pat pse36 clflush mmx fxsr sse sse2 ss ht pbe syscall nx pdpe1gb lm constant_tsc rep_good nopl xtopology nonstop_tsc cpuid pni pclmulqdq dtes64 ds_cpl ssse3 sdbg fma cx16 xtpr pcid sse4_1 sse4_2 movbe popcnt aes xsave avx f16c rdrand hypervisor lahf_lm abm pti fsgsbase bmi1 avx2 bmi2 erms xsaveopt arat

Memory: 4k page, physical 2038904k(71052k free), swap 1048572k(1048572k free)

vm_info: OpenJDK 64-Bit Server VM (14.0.2+12-46) for linux-amd64 JRE (14.0.2+12-46), built on Jul  8 2020 23:30:21 by "mach5one" with gcc 8.3.0

END.
